2025-10-28T19:12:31.804+09:00  INFO 47507 --- [StudyTracker] [restartedMain] c.g.y.s.StudyTrackerApplication          : Starting StudyTrackerApplication using Java 21.0.8 with PID 47507 (/Users/yuta/IdeaProjects/studytracker/build/classes/java/main started by yuta in /Users/yuta/IdeaProjects/studytracker)
2025-10-28T19:12:31.804+09:00  INFO 47507 --- [StudyTracker] [restartedMain] c.g.y.s.StudyTrackerApplication          : The following 1 profile is active: "dev"
2025-10-28T19:12:31.952+09:00  INFO 47507 --- [StudyTracker] [restartedMain] o.s.b.w.embedded.tomcat.TomcatWebServer  : Tomcat initialized with port 8080 (http)
2025-10-28T19:12:31.953+09:00  INFO 47507 --- [StudyTracker] [restartedMain] o.apache.catalina.core.StandardService   : Starting service [Tomcat]
2025-10-28T19:12:31.953+09:00  INFO 47507 --- [StudyTracker] [restartedMain] o.apache.catalina.core.StandardEngine    : Starting Servlet engine: [Apache Tomcat/10.1.46]
2025-10-28T19:12:31.958+09:00  INFO 47507 --- [StudyTracker] [restartedMain] o.a.c.c.C.[Tomcat].[localhost].[/]       : Initializing Spring embedded WebApplicationContext
2025-10-28T19:12:31.958+09:00  INFO 47507 --- [StudyTracker] [restartedMain] w.s.c.ServletWebServerApplicationContext : Root WebApplicationContext: initialization completed in 152 ms
2025-10-28T19:12:32.003+09:00  INFO 47507 --- [StudyTracker] [restartedMain] com.zaxxer.hikari.HikariDataSource       : HikariPool-2 - Starting...
2025-10-28T19:12:32.005+09:00  INFO 47507 --- [StudyTracker] [restartedMain] com.zaxxer.hikari.pool.HikariPool        : HikariPool-2 - Added connection conn10: url=jdbc:h2:mem:studytracker user=SA
2025-10-28T19:12:32.005+09:00  INFO 47507 --- [StudyTracker] [restartedMain] com.zaxxer.hikari.HikariDataSource       : HikariPool-2 - Start completed.
2025-10-28T19:12:32.163+09:00  INFO 47507 --- [StudyTracker] [restartedMain] o.s.b.a.h2.H2ConsoleAutoConfiguration    : H2 console available at '/h2-console'. Database available at 'jdbc:h2:mem:studytracker'
2025-10-28T19:12:32.170+09:00  INFO 47507 --- [StudyTracker] [restartedMain] o.s.b.d.a.OptionalLiveReloadServer       : LiveReload server is running on port 35729
2025-10-28T19:12:32.174+09:00  INFO 47507 --- [StudyTracker] [restartedMain] o.s.b.w.embedded.tomcat.TomcatWebServer  : Tomcat started on port 8080 (http) with context path '/'
2025-10-28T19:12:32.177+09:00  INFO 47507 --- [StudyTracker] [restartedMain] c.g.y.s.StudyTrackerApplication          : Started StudyTrackerApplication in 0.398 seconds (process running for 108.874)
2025-10-28T19:12:32.178+09:00  INFO 47507 --- [StudyTracker] [restartedMain] .ConditionEvaluationDeltaLoggingListener : Condition evaluation unchanged
2025-10-28T19:12:36.639+09:00  INFO 47507 --- [StudyTracker] [File Watcher] rtingClassPathChangeChangedEventListener : Restarting due to 1 class path change (0 additions, 0 deletions, 1 modification)
2025-10-28T19:12:36.642+09:00  INFO 47507 --- [StudyTracker] [Thread-7] o.s.b.w.e.tomcat.GracefulShutdown        : Commencing graceful shutdown. Waiting for active requests to complete
2025-10-28T19:12:36.644+09:00  INFO 47507 --- [StudyTracker] [tomcat-shutdown] o.s.b.w.e.tomcat.GracefulShutdown        : Graceful shutdown complete
2025-10-28T19:12:36.647+09:00  WARN 47507 --- [StudyTracker] [Thread-7] o.s.b.f.support.DisposableBeanAdapter    : Invocation of destroy method failed on bean with name 'inMemoryDatabaseShutdownExecutor': org.h2.jdbc.JdbcSQLNonTransientConnectionException: データベースはすでに閉じられています (VM終了時の自動データベースクローズを無効にするためには、db URLに ";DB_CLOSE_ON_EXIT=FALSE" を追加してください)
Database is already closed (to disable automatic closing at VM shutdown, add ";DB_CLOSE_ON_EXIT=FALSE" to the db URL) [90121-232]
2025-10-28T19:12:36.648+09:00  INFO 47507 --- [StudyTracker] [Thread-7] com.zaxxer.hikari.HikariDataSource       : HikariPool-2 - Shutdown initiated...
2025-10-28T19:12:36.649+09:00  INFO 47507 --- [StudyTracker] [Thread-7] com.zaxxer.hikari.HikariDataSource       : HikariPool-2 - Shutdown completed.
2025-10-28T19:12:42.286+09:00  INFO 47507 --- [StudyTracker] [restartedMain] c.g.y.s.StudyTrackerApplication          : Starting StudyTrackerApplication using Java 21.0.8 with PID 47507 (/Users/yuta/IdeaProjects/studytracker/build/classes/java/main started by yuta in /Users/yuta/IdeaProjects/studytracker)
2025-10-28T19:12:42.287+09:00  INFO 47507 --- [StudyTracker] [restartedMain] c.g.y.s.StudyTrackerApplication          : The following 1 profile is active: "dev"
2025-10-28T19:12:42.385+09:00  INFO 47507 --- [StudyTracker] [restartedMain] o.s.b.w.embedded.tomcat.TomcatWebServer  : Tomcat initialized with port 8080 (http)
2025-10-28T19:12:42.385+09:00  INFO 47507 --- [StudyTracker] [restartedMain] o.apache.catalina.core.StandardService   : Starting service [Tomcat]
2025-10-28T19:12:42.385+09:00  INFO 47507 --- [StudyTracker] [restartedMain] o.apache.catalina.core.StandardEngine    : Starting Servlet engine: [Apache Tomcat/10.1.46]
2025-10-28T19:12:42.390+09:00  INFO 47507 --- [StudyTracker] [restartedMain] o.a.c.c.C.[Tomcat].[localhost].[/]       : Initializing Spring embedded WebApplicationContext
2025-10-28T19:12:42.390+09:00  INFO 47507 --- [StudyTracker] [restartedMain] w.s.c.ServletWebServerApplicationContext : Root WebApplicationContext: initialization completed in 102 ms
2025-10-28T19:12:42.424+09:00  INFO 47507 --- [StudyTracker] [restartedMain] com.zaxxer.hikari.HikariDataSource       : HikariPool-5 - Starting...
2025-10-28T19:12:42.425+09:00  INFO 47507 --- [StudyTracker] [restartedMain] com.zaxxer.hikari.pool.HikariPool        : HikariPool-5 - Added connection conn40: url=jdbc:h2:mem:studytracker user=SA
2025-10-28T19:12:42.426+09:00  INFO 47507 --- [StudyTracker] [restartedMain] com.zaxxer.hikari.HikariDataSource       : HikariPool-5 - Start completed.
2025-10-28T19:12:42.538+09:00  INFO 47507 --- [StudyTracker] [restartedMain] o.s.b.a.h2.H2ConsoleAutoConfiguration    : H2 console available at '/h2-console'. Database available at 'jdbc:h2:mem:studytracker'
2025-10-28T19:12:42.544+09:00  INFO 47507 --- [StudyTracker] [restartedMain] o.s.b.d.a.OptionalLiveReloadServer       : LiveReload server is running on port 35729
2025-10-28T19:12:42.548+09:00  INFO 47507 --- [StudyTracker] [restartedMain] o.s.b.w.embedded.tomcat.TomcatWebServer  : Tomcat started on port 8080 (http) with context path '/'
2025-10-28T19:12:42.550+09:00  INFO 47507 --- [StudyTracker] [restartedMain] c.g.y.s.StudyTrackerApplication          : Started StudyTrackerApplication in 0.277 seconds (process running for 119.247)
2025-10-28T19:12:42.550+09:00  INFO 47507 --- [StudyTracker] [restartedMain] .ConditionEvaluationDeltaLoggingListener : Condition evaluation unchanged
2025-10-28T19:13:00.946+09:00  INFO 47582 --- [StudyTracker] [restartedMain] c.g.y.s.StudyTrackerApplication          : Starting StudyTrackerApplication using Java 21.0.8 with PID 47582 (/Users/yuta/IdeaProjects/studytracker/build/classes/java/main started by yuta in /Users/yuta/IdeaProjects/studytracker)
2025-10-28T19:13:00.947+09:00  INFO 47582 --- [StudyTracker] [restartedMain] c.g.y.s.StudyTrackerApplication          : The following 1 profile is active: "dev"
2025-10-28T19:13:01.067+09:00  INFO 47582 --- [StudyTracker] [restartedMain] .e.DevToolsPropertyDefaultsPostProcessor : Devtools property defaults active! Set 'spring.devtools.add-properties' to 'false' to disable
2025-10-28T19:13:01.067+09:00  INFO 47582 --- [StudyTracker] [restartedMain] .e.DevToolsPropertyDefaultsPostProcessor : For additional web related logging consider setting the 'logging.level.web' property to 'DEBUG'
2025-10-28T19:13:01.555+09:00  INFO 47582 --- [StudyTracker] [restartedMain] o.s.b.w.embedded.tomcat.TomcatWebServer  : Tomcat initialized with port 8080 (http)
2025-10-28T19:13:01.564+09:00  INFO 47582 --- [StudyTracker] [restartedMain] o.apache.catalina.core.StandardService   : Starting service [Tomcat]
2025-10-28T19:13:01.565+09:00  INFO 47582 --- [StudyTracker] [restartedMain] o.apache.catalina.core.StandardEngine    : Starting Servlet engine: [Apache Tomcat/10.1.46]
2025-10-28T19:13:01.586+09:00  INFO 47582 --- [StudyTracker] [restartedMain] o.a.c.c.C.[Tomcat].[localhost].[/]       : Initializing Spring embedded WebApplicationContext
2025-10-28T19:13:01.586+09:00  INFO 47582 --- [StudyTracker] [restartedMain] w.s.c.ServletWebServerApplicationContext : Root WebApplicationContext: initialization completed in 519 ms
2025-10-28T19:13:01.746+09:00  INFO 47582 --- [StudyTracker] [restartedMain] com.zaxxer.hikari.HikariDataSource       : HikariPool-1 - Starting...
2025-10-28T19:13:01.840+09:00  INFO 47582 --- [StudyTracker] [restartedMain] com.zaxxer.hikari.pool.HikariPool        : HikariPool-1 - Added connection conn0: url=jdbc:h2:mem:studytracker user=SA
2025-10-28T19:13:01.841+09:00  INFO 47582 --- [StudyTracker] [restartedMain] com.zaxxer.hikari.HikariDataSource       : HikariPool-1 - Start completed.
2025-10-28T19:13:02.182+09:00  INFO 47582 --- [StudyTracker] [restartedMain] o.s.b.a.h2.H2ConsoleAutoConfiguration    : H2 console available at '/h2-console'. Database available at 'jdbc:h2:mem:studytracker'
2025-10-28T19:13:02.217+09:00  INFO 47582 --- [StudyTracker] [restartedMain] o.s.b.d.a.OptionalLiveReloadServer       : LiveReload server is running on port 35729
2025-10-28T19:13:02.232+09:00  INFO 47582 --- [StudyTracker] [restartedMain] o.s.b.w.embedded.tomcat.TomcatWebServer  : Tomcat started on port 8080 (http) with context path '/'
2025-10-28T19:13:02.237+09:00  INFO 47582 --- [StudyTracker] [restartedMain] c.g.y.s.StudyTrackerApplication          : Started StudyTrackerApplication in 1.517 seconds (process running for 1.773)
2025-10-28T19:13:21.719+09:00  INFO 47582 --- [StudyTracker] [http-nio-8080-exec-1] o.a.c.c.C.[Tomcat].[localhost].[/]       : Initializing Spring DispatcherServlet 'dispatcherServlet'
2025-10-28T19:13:21.720+09:00  INFO 47582 --- [StudyTracker] [http-nio-8080-exec-1] o.s.web.servlet.DispatcherServlet        : Initializing Servlet 'dispatcherServlet'
2025-10-28T19:13:21.727+09:00  INFO 47582 --- [StudyTracker] [http-nio-8080-exec-1] o.s.web.servlet.DispatcherServlet        : Completed initialization in 7 ms
2025-10-28T19:13:21.776+09:00 DEBUG 47582 --- [StudyTracker] [http-nio-8080-exec-1] c.g.y.s.r.L.sumMinutesByPeriod           : ==>  Preparing: SELECT COALESCE(SUM(minutes), 0) FROM logs WHERE user_id = ? AND start_at <= ? AND end_at >= ?
2025-10-28T19:13:21.792+09:00 DEBUG 47582 --- [StudyTracker] [http-nio-8080-exec-1] c.g.y.s.r.L.sumMinutesByPeriod           : ==> Parameters: 1(Long), 2025-10-29T00:00(LocalDateTime), 2025-10-28T00:00(LocalDateTime)
2025-10-28T19:13:21.806+09:00 DEBUG 47582 --- [StudyTracker] [http-nio-8080-exec-1] c.g.y.s.r.L.sumMinutesByPeriod           : <==      Total: 1
2025-10-28T19:13:21.807+09:00 DEBUG 47582 --- [StudyTracker] [http-nio-8080-exec-1] c.g.y.s.r.L.sumMinutesByPeriod           : ==>  Preparing: SELECT COALESCE(SUM(minutes), 0) FROM logs WHERE user_id = ? AND start_at <= ? AND end_at >= ?
2025-10-28T19:13:21.807+09:00 DEBUG 47582 --- [StudyTracker] [http-nio-8080-exec-1] c.g.y.s.r.L.sumMinutesByPeriod           : ==> Parameters: 1(Long), 2025-11-03T00:00(LocalDateTime), 2025-10-27T00:00(LocalDateTime)
2025-10-28T19:13:21.807+09:00 DEBUG 47582 --- [StudyTracker] [http-nio-8080-exec-1] c.g.y.s.r.L.sumMinutesByPeriod           : <==      Total: 1
2025-10-28T19:13:21.807+09:00 DEBUG 47582 --- [StudyTracker] [http-nio-8080-exec-1] c.g.y.s.r.L.sumMinutesByPeriod           : ==>  Preparing: SELECT COALESCE(SUM(minutes), 0) FROM logs WHERE user_id = ? AND start_at <= ? AND end_at >= ?
2025-10-28T19:13:21.807+09:00 DEBUG 47582 --- [StudyTracker] [http-nio-8080-exec-1] c.g.y.s.r.L.sumMinutesByPeriod           : ==> Parameters: 1(Long), 2025-11-01T00:00(LocalDateTime), 2025-10-01T00:00(LocalDateTime)
2025-10-28T19:13:21.808+09:00 DEBUG 47582 --- [StudyTracker] [http-nio-8080-exec-1] c.g.y.s.r.L.sumMinutesByPeriod           : <==      Total: 1
2025-10-28T19:13:21.808+09:00 DEBUG 47582 --- [StudyTracker] [http-nio-8080-exec-1] c.g.y.s.r.LogRepository.sumBySubject     : ==>  Preparing: SELECT s.id AS subjectId, s.name AS subjectName, COALESCE(SUM(l.minutes), 0) AS totalMinutes, s.color_code AS colorCode FROM subjects s LEFT JOIN logs l ON l.user_id = ? AND l.subject_id = s.id AND l.start_at <= ? AND l.end_at >= ? WHERE s.user_id = ? AND s.archived = false GROUP BY s.id, s.name, s.color_code ORDER BY totalMinutes DESC
2025-10-28T19:13:21.809+09:00 DEBUG 47582 --- [StudyTracker] [http-nio-8080-exec-1] c.g.y.s.r.LogRepository.sumBySubject     : ==> Parameters: 1(Long), 2025-10-29T00:00(LocalDateTime), 2025-10-28T00:00(LocalDateTime), 1(Long)
2025-10-28T19:13:21.811+09:00 DEBUG 47582 --- [StudyTracker] [http-nio-8080-exec-1] c.g.y.s.r.LogRepository.sumBySubject     : <==      Total: 3
2025-10-28T19:13:21.811+09:00 DEBUG 47582 --- [StudyTracker] [http-nio-8080-exec-1] c.g.y.s.r.LogRepository.sumBySubject     : ==>  Preparing: SELECT s.id AS subjectId, s.name AS subjectName, COALESCE(SUM(l.minutes), 0) AS totalMinutes, s.color_code AS colorCode FROM subjects s LEFT JOIN logs l ON l.user_id = ? AND l.subject_id = s.id AND l.start_at <= ? AND l.end_at >= ? WHERE s.user_id = ? AND s.archived = false GROUP BY s.id, s.name, s.color_code ORDER BY totalMinutes DESC
2025-10-28T19:13:21.811+09:00 DEBUG 47582 --- [StudyTracker] [http-nio-8080-exec-1] c.g.y.s.r.LogRepository.sumBySubject     : ==> Parameters: 1(Long), 2025-11-03T00:00(LocalDateTime), 2025-10-27T00:00(LocalDateTime), 1(Long)
2025-10-28T19:13:21.812+09:00 DEBUG 47582 --- [StudyTracker] [http-nio-8080-exec-1] c.g.y.s.r.LogRepository.sumBySubject     : <==      Total: 3
2025-10-28T19:13:21.812+09:00 DEBUG 47582 --- [StudyTracker] [http-nio-8080-exec-1] c.g.y.s.r.LogRepository.sumBySubject     : ==>  Preparing: SELECT s.id AS subjectId, s.name AS subjectName, COALESCE(SUM(l.minutes), 0) AS totalMinutes, s.color_code AS colorCode FROM subjects s LEFT JOIN logs l ON l.user_id = ? AND l.subject_id = s.id AND l.start_at <= ? AND l.end_at >= ? WHERE s.user_id = ? AND s.archived = false GROUP BY s.id, s.name, s.color_code ORDER BY totalMinutes DESC
2025-10-28T19:13:21.812+09:00 DEBUG 47582 --- [StudyTracker] [http-nio-8080-exec-1] c.g.y.s.r.LogRepository.sumBySubject     : ==> Parameters: 1(Long), 2025-11-01T00:00(LocalDateTime), 2025-10-01T00:00(LocalDateTime), 1(Long)
2025-10-28T19:13:21.813+09:00 DEBUG 47582 --- [StudyTracker] [http-nio-8080-exec-1] c.g.y.s.r.LogRepository.sumBySubject     : <==      Total: 3
2025-10-28T19:13:24.292+09:00 DEBUG 47582 --- [StudyTracker] [http-nio-8080-exec-4] c.g.y.s.r.S.selectAllActive              : ==>  Preparing: SELECT * FROM subjects WHERE user_id = ? AND archived = FALSE ORDER BY updated_at DESC
2025-10-28T19:13:24.299+09:00 DEBUG 47582 --- [StudyTracker] [http-nio-8080-exec-4] c.g.y.s.r.S.selectAllActive              : ==> Parameters: 1(Long)
2025-10-28T19:13:24.303+09:00 DEBUG 47582 --- [StudyTracker] [http-nio-8080-exec-4] c.g.y.s.r.S.selectAllActive              : <==      Total: 3
2025-10-28T19:13:24.322+09:00 DEBUG 47582 --- [StudyTracker] [http-nio-8080-exec-4] c.g.y.s.r.LogRepository.selectByPeriod   : ==>  Preparing: SELECT * FROM logs WHERE user_id = ? AND start_at <= ? AND end_at >= ? ORDER BY start_at DESC
2025-10-28T19:13:24.323+09:00 DEBUG 47582 --- [StudyTracker] [http-nio-8080-exec-4] c.g.y.s.r.LogRepository.selectByPeriod   : ==> Parameters: 1(Long), 2025-10-28T23:59:59(LocalDateTime), 2025-10-28T00:00(LocalDateTime)
2025-10-28T19:13:24.323+09:00 DEBUG 47582 --- [StudyTracker] [http-nio-8080-exec-4] c.g.y.s.r.LogRepository.selectByPeriod   : <==      Total: 0
2025-10-28T19:13:25.764+09:00 DEBUG 47582 --- [StudyTracker] [http-nio-8080-exec-9] c.g.y.s.r.L.sumMinutesByPeriod           : ==>  Preparing: SELECT COALESCE(SUM(minutes), 0) FROM logs WHERE user_id = ? AND start_at <= ? AND end_at >= ?
2025-10-28T19:13:25.765+09:00 DEBUG 47582 --- [StudyTracker] [http-nio-8080-exec-9] c.g.y.s.r.L.sumMinutesByPeriod           : ==> Parameters: 1(Long), 2025-10-29T00:00(LocalDateTime), 2025-10-28T00:00(LocalDateTime)
2025-10-28T19:13:25.766+09:00 DEBUG 47582 --- [StudyTracker] [http-nio-8080-exec-9] c.g.y.s.r.L.sumMinutesByPeriod           : <==      Total: 1
2025-10-28T19:13:25.767+09:00 DEBUG 47582 --- [StudyTracker] [http-nio-8080-exec-9] c.g.y.s.r.L.sumMinutesByPeriod           : ==>  Preparing: SELECT COALESCE(SUM(minutes), 0) FROM logs WHERE user_id = ? AND start_at <= ? AND end_at >= ?
2025-10-28T19:13:25.767+09:00 DEBUG 47582 --- [StudyTracker] [http-nio-8080-exec-9] c.g.y.s.r.L.sumMinutesByPeriod           : ==> Parameters: 1(Long), 2025-11-03T00:00(LocalDateTime), 2025-10-27T00:00(LocalDateTime)
2025-10-28T19:13:25.768+09:00 DEBUG 47582 --- [StudyTracker] [http-nio-8080-exec-9] c.g.y.s.r.L.sumMinutesByPeriod           : <==      Total: 1
2025-10-28T19:13:25.768+09:00 DEBUG 47582 --- [StudyTracker] [http-nio-8080-exec-9] c.g.y.s.r.L.sumMinutesByPeriod           : ==>  Preparing: SELECT COALESCE(SUM(minutes), 0) FROM logs WHERE user_id = ? AND start_at <= ? AND end_at >= ?
2025-10-28T19:13:25.769+09:00 DEBUG 47582 --- [StudyTracker] [http-nio-8080-exec-9] c.g.y.s.r.L.sumMinutesByPeriod           : ==> Parameters: 1(Long), 2025-11-01T00:00(LocalDateTime), 2025-10-01T00:00(LocalDateTime)
2025-10-28T19:13:25.770+09:00 DEBUG 47582 --- [StudyTracker] [http-nio-8080-exec-9] c.g.y.s.r.L.sumMinutesByPeriod           : <==      Total: 1
2025-10-28T19:13:25.770+09:00 DEBUG 47582 --- [StudyTracker] [http-nio-8080-exec-9] c.g.y.s.r.LogRepository.sumBySubject     : ==>  Preparing: SELECT s.id AS subjectId, s.name AS subjectName, COALESCE(SUM(l.minutes), 0) AS totalMinutes, s.color_code AS colorCode FROM subjects s LEFT JOIN logs l ON l.user_id = ? AND l.subject_id = s.id AND l.start_at <= ? AND l.end_at >= ? WHERE s.user_id = ? AND s.archived = false GROUP BY s.id, s.name, s.color_code ORDER BY totalMinutes DESC
2025-10-28T19:13:25.770+09:00 DEBUG 47582 --- [StudyTracker] [http-nio-8080-exec-9] c.g.y.s.r.LogRepository.sumBySubject     : ==> Parameters: 1(Long), 2025-10-29T00:00(LocalDateTime), 2025-10-28T00:00(LocalDateTime), 1(Long)
2025-10-28T19:13:25.772+09:00 DEBUG 47582 --- [StudyTracker] [http-nio-8080-exec-9] c.g.y.s.r.LogRepository.sumBySubject     : <==      Total: 3
2025-10-28T19:13:25.773+09:00 DEBUG 47582 --- [StudyTracker] [http-nio-8080-exec-9] c.g.y.s.r.LogRepository.sumBySubject     : ==>  Preparing: SELECT s.id AS subjectId, s.name AS subjectName, COALESCE(SUM(l.minutes), 0) AS totalMinutes, s.color_code AS colorCode FROM subjects s LEFT JOIN logs l ON l.user_id = ? AND l.subject_id = s.id AND l.start_at <= ? AND l.end_at >= ? WHERE s.user_id = ? AND s.archived = false GROUP BY s.id, s.name, s.color_code ORDER BY totalMinutes DESC
2025-10-28T19:13:25.773+09:00 DEBUG 47582 --- [StudyTracker] [http-nio-8080-exec-9] c.g.y.s.r.LogRepository.sumBySubject     : ==> Parameters: 1(Long), 2025-11-03T00:00(LocalDateTime), 2025-10-27T00:00(LocalDateTime), 1(Long)
2025-10-28T19:13:25.774+09:00 DEBUG 47582 --- [StudyTracker] [http-nio-8080-exec-9] c.g.y.s.r.LogRepository.sumBySubject     : <==      Total: 3
2025-10-28T19:13:25.774+09:00 DEBUG 47582 --- [StudyTracker] [http-nio-8080-exec-9] c.g.y.s.r.LogRepository.sumBySubject     : ==>  Preparing: SELECT s.id AS subjectId, s.name AS subjectName, COALESCE(SUM(l.minutes), 0) AS totalMinutes, s.color_code AS colorCode FROM subjects s LEFT JOIN logs l ON l.user_id = ? AND l.subject_id = s.id AND l.start_at <= ? AND l.end_at >= ? WHERE s.user_id = ? AND s.archived = false GROUP BY s.id, s.name, s.color_code ORDER BY totalMinutes DESC
2025-10-28T19:13:25.775+09:00 DEBUG 47582 --- [StudyTracker] [http-nio-8080-exec-9] c.g.y.s.r.LogRepository.sumBySubject     : ==> Parameters: 1(Long), 2025-11-01T00:00(LocalDateTime), 2025-10-01T00:00(LocalDateTime), 1(Long)
2025-10-28T19:13:25.775+09:00 DEBUG 47582 --- [StudyTracker] [http-nio-8080-exec-9] c.g.y.s.r.LogRepository.sumBySubject     : <==      Total: 3
2025-10-28T19:13:26.472+09:00 DEBUG 47582 --- [StudyTracker] [http-nio-8080-exec-3] c.g.y.s.r.S.selectAllActive              : ==>  Preparing: SELECT * FROM subjects WHERE user_id = ? AND archived = FALSE ORDER BY updated_at DESC
2025-10-28T19:13:26.473+09:00 DEBUG 47582 --- [StudyTracker] [http-nio-8080-exec-3] c.g.y.s.r.S.selectAllActive              : ==> Parameters: 1(Long)
2025-10-28T19:13:26.474+09:00 DEBUG 47582 --- [StudyTracker] [http-nio-8080-exec-3] c.g.y.s.r.S.selectAllActive              : <==      Total: 3
2025-10-28T19:13:26.475+09:00 DEBUG 47582 --- [StudyTracker] [http-nio-8080-exec-3] c.g.y.s.r.LogRepository.selectByPeriod   : ==>  Preparing: SELECT * FROM logs WHERE user_id = ? AND start_at <= ? AND end_at >= ? ORDER BY start_at DESC
2025-10-28T19:13:26.476+09:00 DEBUG 47582 --- [StudyTracker] [http-nio-8080-exec-3] c.g.y.s.r.LogRepository.selectByPeriod   : ==> Parameters: 1(Long), 2025-11-03T23:59:59(LocalDateTime), 2025-10-27T00:00(LocalDateTime)
2025-10-28T19:13:26.476+09:00 DEBUG 47582 --- [StudyTracker] [http-nio-8080-exec-3] c.g.y.s.r.LogRepository.selectByPeriod   : <==      Total: 0
2025-10-28T19:13:27.282+09:00 DEBUG 47582 --- [StudyTracker] [http-nio-8080-exec-6] c.g.y.s.r.L.sumMinutesByPeriod           : ==>  Preparing: SELECT COALESCE(SUM(minutes), 0) FROM logs WHERE user_id = ? AND start_at <= ? AND end_at >= ?
2025-10-28T19:13:27.283+09:00 DEBUG 47582 --- [StudyTracker] [http-nio-8080-exec-6] c.g.y.s.r.L.sumMinutesByPeriod           : ==> Parameters: 1(Long), 2025-10-29T00:00(LocalDateTime), 2025-10-28T00:00(LocalDateTime)
2025-10-28T19:13:27.283+09:00 DEBUG 47582 --- [StudyTracker] [http-nio-8080-exec-6] c.g.y.s.r.L.sumMinutesByPeriod           : <==      Total: 1
2025-10-28T19:13:27.284+09:00 DEBUG 47582 --- [StudyTracker] [http-nio-8080-exec-6] c.g.y.s.r.L.sumMinutesByPeriod           : ==>  Preparing: SELECT COALESCE(SUM(minutes), 0) FROM logs WHERE user_id = ? AND start_at <= ? AND end_at >= ?
2025-10-28T19:13:27.284+09:00 DEBUG 47582 --- [StudyTracker] [http-nio-8080-exec-6] c.g.y.s.r.L.sumMinutesByPeriod           : ==> Parameters: 1(Long), 2025-11-03T00:00(LocalDateTime), 2025-10-27T00:00(LocalDateTime)
2025-10-28T19:13:27.284+09:00 DEBUG 47582 --- [StudyTracker] [http-nio-8080-exec-6] c.g.y.s.r.L.sumMinutesByPeriod           : <==      Total: 1
2025-10-28T19:13:27.285+09:00 DEBUG 47582 --- [StudyTracker] [http-nio-8080-exec-6] c.g.y.s.r.L.sumMinutesByPeriod           : ==>  Preparing: SELECT COALESCE(SUM(minutes), 0) FROM logs WHERE user_id = ? AND start_at <= ? AND end_at >= ?
2025-10-28T19:13:27.285+09:00 DEBUG 47582 --- [StudyTracker] [http-nio-8080-exec-6] c.g.y.s.r.L.sumMinutesByPeriod           : ==> Parameters: 1(Long), 2025-11-01T00:00(LocalDateTime), 2025-10-01T00:00(LocalDateTime)
2025-10-28T19:13:27.286+09:00 DEBUG 47582 --- [StudyTracker] [http-nio-8080-exec-6] c.g.y.s.r.L.sumMinutesByPeriod           : <==      Total: 1
2025-10-28T19:13:27.286+09:00 DEBUG 47582 --- [StudyTracker] [http-nio-8080-exec-6] c.g.y.s.r.LogRepository.sumBySubject     : ==>  Preparing: SELECT s.id AS subjectId, s.name AS subjectName, COALESCE(SUM(l.minutes), 0) AS totalMinutes, s.color_code AS colorCode FROM subjects s LEFT JOIN logs l ON l.user_id = ? AND l.subject_id = s.id AND l.start_at <= ? AND l.end_at >= ? WHERE s.user_id = ? AND s.archived = false GROUP BY s.id, s.name, s.color_code ORDER BY totalMinutes DESC
2025-10-28T19:13:27.287+09:00 DEBUG 47582 --- [StudyTracker] [http-nio-8080-exec-6] c.g.y.s.r.LogRepository.sumBySubject     : ==> Parameters: 1(Long), 2025-10-29T00:00(LocalDateTime), 2025-10-28T00:00(LocalDateTime), 1(Long)
2025-10-28T19:13:27.289+09:00 DEBUG 47582 --- [StudyTracker] [http-nio-8080-exec-6] c.g.y.s.r.LogRepository.sumBySubject     : <==      Total: 3
2025-10-28T19:13:27.290+09:00 DEBUG 47582 --- [StudyTracker] [http-nio-8080-exec-6] c.g.y.s.r.LogRepository.sumBySubject     : ==>  Preparing: SELECT s.id AS subjectId, s.name AS subjectName, COALESCE(SUM(l.minutes), 0) AS totalMinutes, s.color_code AS colorCode FROM subjects s LEFT JOIN logs l ON l.user_id = ? AND l.subject_id = s.id AND l.start_at <= ? AND l.end_at >= ? WHERE s.user_id = ? AND s.archived = false GROUP BY s.id, s.name, s.color_code ORDER BY totalMinutes DESC
2025-10-28T19:13:27.291+09:00 DEBUG 47582 --- [StudyTracker] [http-nio-8080-exec-6] c.g.y.s.r.LogRepository.sumBySubject     : ==> Parameters: 1(Long), 2025-11-03T00:00(LocalDateTime), 2025-10-27T00:00(LocalDateTime), 1(Long)
2025-10-28T19:13:27.293+09:00 DEBUG 47582 --- [StudyTracker] [http-nio-8080-exec-6] c.g.y.s.r.LogRepository.sumBySubject     : <==      Total: 3
2025-10-28T19:13:27.293+09:00 DEBUG 47582 --- [StudyTracker] [http-nio-8080-exec-6] c.g.y.s.r.LogRepository.sumBySubject     : ==>  Preparing: SELECT s.id AS subjectId, s.name AS subjectName, COALESCE(SUM(l.minutes), 0) AS totalMinutes, s.color_code AS colorCode FROM subjects s LEFT JOIN logs l ON l.user_id = ? AND l.subject_id = s.id AND l.start_at <= ? AND l.end_at >= ? WHERE s.user_id = ? AND s.archived = false GROUP BY s.id, s.name, s.color_code ORDER BY totalMinutes DESC
2025-10-28T19:13:27.294+09:00 DEBUG 47582 --- [StudyTracker] [http-nio-8080-exec-6] c.g.y.s.r.LogRepository.sumBySubject     : ==> Parameters: 1(Long), 2025-11-01T00:00(LocalDateTime), 2025-10-01T00:00(LocalDateTime), 1(Long)
2025-10-28T19:13:27.296+09:00 DEBUG 47582 --- [StudyTracker] [http-nio-8080-exec-6] c.g.y.s.r.LogRepository.sumBySubject     : <==      Total: 3
2025-10-28T19:13:27.915+09:00 DEBUG 47582 --- [StudyTracker] [http-nio-8080-exec-8] c.g.y.s.r.S.selectAllActive              : ==>  Preparing: SELECT * FROM subjects WHERE user_id = ? AND archived = FALSE ORDER BY updated_at DESC
2025-10-28T19:13:27.915+09:00 DEBUG 47582 --- [StudyTracker] [http-nio-8080-exec-8] c.g.y.s.r.S.selectAllActive              : ==> Parameters: 1(Long)
2025-10-28T19:13:27.917+09:00 DEBUG 47582 --- [StudyTracker] [http-nio-8080-exec-8] c.g.y.s.r.S.selectAllActive              : <==      Total: 3
2025-10-28T19:13:27.917+09:00 DEBUG 47582 --- [StudyTracker] [http-nio-8080-exec-8] c.g.y.s.r.LogRepository.selectByPeriod   : ==>  Preparing: SELECT * FROM logs WHERE user_id = ? AND start_at <= ? AND end_at >= ? ORDER BY start_at DESC
2025-10-28T19:13:27.918+09:00 DEBUG 47582 --- [StudyTracker] [http-nio-8080-exec-8] c.g.y.s.r.LogRepository.selectByPeriod   : ==> Parameters: 1(Long), 2025-11-01T23:59:59(LocalDateTime), 2025-10-01T00:00(LocalDateTime)
2025-10-28T19:13:27.920+09:00 DEBUG 47582 --- [StudyTracker] [http-nio-8080-exec-8] c.g.y.s.r.LogRepository.selectByPeriod   : <==      Total: 2
2025-10-28T19:13:28.825+09:00 DEBUG 47582 --- [StudyTracker] [http-nio-8080-exec-10] c.g.y.s.r.L.sumMinutesByPeriod           : ==>  Preparing: SELECT COALESCE(SUM(minutes), 0) FROM logs WHERE user_id = ? AND start_at <= ? AND end_at >= ?
2025-10-28T19:13:28.826+09:00 DEBUG 47582 --- [StudyTracker] [http-nio-8080-exec-10] c.g.y.s.r.L.sumMinutesByPeriod           : ==> Parameters: 1(Long), 2025-10-29T00:00(LocalDateTime), 2025-10-28T00:00(LocalDateTime)
2025-10-28T19:13:28.826+09:00 DEBUG 47582 --- [StudyTracker] [http-nio-8080-exec-10] c.g.y.s.r.L.sumMinutesByPeriod           : <==      Total: 1
2025-10-28T19:13:28.827+09:00 DEBUG 47582 --- [StudyTracker] [http-nio-8080-exec-10] c.g.y.s.r.L.sumMinutesByPeriod           : ==>  Preparing: SELECT COALESCE(SUM(minutes), 0) FROM logs WHERE user_id = ? AND start_at <= ? AND end_at >= ?
2025-10-28T19:13:28.827+09:00 DEBUG 47582 --- [StudyTracker] [http-nio-8080-exec-10] c.g.y.s.r.L.sumMinutesByPeriod           : ==> Parameters: 1(Long), 2025-11-03T00:00(LocalDateTime), 2025-10-27T00:00(LocalDateTime)
2025-10-28T19:13:28.828+09:00 DEBUG 47582 --- [StudyTracker] [http-nio-8080-exec-10] c.g.y.s.r.L.sumMinutesByPeriod           : <==      Total: 1
2025-10-28T19:13:28.828+09:00 DEBUG 47582 --- [StudyTracker] [http-nio-8080-exec-10] c.g.y.s.r.L.sumMinutesByPeriod           : ==>  Preparing: SELECT COALESCE(SUM(minutes), 0) FROM logs WHERE user_id = ? AND start_at <= ? AND end_at >= ?
2025-10-28T19:13:28.828+09:00 DEBUG 47582 --- [StudyTracker] [http-nio-8080-exec-10] c.g.y.s.r.L.sumMinutesByPeriod           : ==> Parameters: 1(Long), 2025-11-01T00:00(LocalDateTime), 2025-10-01T00:00(LocalDateTime)
2025-10-28T19:13:28.829+09:00 DEBUG 47582 --- [StudyTracker] [http-nio-8080-exec-10] c.g.y.s.r.L.sumMinutesByPeriod           : <==      Total: 1
2025-10-28T19:13:28.830+09:00 DEBUG 47582 --- [StudyTracker] [http-nio-8080-exec-10] c.g.y.s.r.LogRepository.sumBySubject     : ==>  Preparing: SELECT s.id AS subjectId, s.name AS subjectName, COALESCE(SUM(l.minutes), 0) AS totalMinutes, s.color_code AS colorCode FROM subjects s LEFT JOIN logs l ON l.user_id = ? AND l.subject_id = s.id AND l.start_at <= ? AND l.end_at >= ? WHERE s.user_id = ? AND s.archived = false GROUP BY s.id, s.name, s.color_code ORDER BY totalMinutes DESC
2025-10-28T19:13:28.831+09:00 DEBUG 47582 --- [StudyTracker] [http-nio-8080-exec-10] c.g.y.s.r.LogRepository.sumBySubject     : ==> Parameters: 1(Long), 2025-10-29T00:00(LocalDateTime), 2025-10-28T00:00(LocalDateTime), 1(Long)
2025-10-28T19:13:28.832+09:00 DEBUG 47582 --- [StudyTracker] [http-nio-8080-exec-10] c.g.y.s.r.LogRepository.sumBySubject     : <==      Total: 3
2025-10-28T19:13:28.833+09:00 DEBUG 47582 --- [StudyTracker] [http-nio-8080-exec-10] c.g.y.s.r.LogRepository.sumBySubject     : ==>  Preparing: SELECT s.id AS subjectId, s.name AS subjectName, COALESCE(SUM(l.minutes), 0) AS totalMinutes, s.color_code AS colorCode FROM subjects s LEFT JOIN logs l ON l.user_id = ? AND l.subject_id = s.id AND l.start_at <= ? AND l.end_at >= ? WHERE s.user_id = ? AND s.archived = false GROUP BY s.id, s.name, s.color_code ORDER BY totalMinutes DESC
2025-10-28T19:13:28.833+09:00 DEBUG 47582 --- [StudyTracker] [http-nio-8080-exec-10] c.g.y.s.r.LogRepository.sumBySubject     : ==> Parameters: 1(Long), 2025-11-03T00:00(LocalDateTime), 2025-10-27T00:00(LocalDateTime), 1(Long)
2025-10-28T19:13:28.834+09:00 DEBUG 47582 --- [StudyTracker] [http-nio-8080-exec-10] c.g.y.s.r.LogRepository.sumBySubject     : <==      Total: 3
2025-10-28T19:13:28.835+09:00 DEBUG 47582 --- [StudyTracker] [http-nio-8080-exec-10] c.g.y.s.r.LogRepository.sumBySubject     : ==>  Preparing: SELECT s.id AS subjectId, s.name AS subjectName, COALESCE(SUM(l.minutes), 0) AS totalMinutes, s.color_code AS colorCode FROM subjects s LEFT JOIN logs l ON l.user_id = ? AND l.subject_id = s.id AND l.start_at <= ? AND l.end_at >= ? WHERE s.user_id = ? AND s.archived = false GROUP BY s.id, s.name, s.color_code ORDER BY totalMinutes DESC
2025-10-28T19:13:28.835+09:00 DEBUG 47582 --- [StudyTracker] [http-nio-8080-exec-10] c.g.y.s.r.LogRepository.sumBySubject     : ==> Parameters: 1(Long), 2025-11-01T00:00(LocalDateTime), 2025-10-01T00:00(LocalDateTime), 1(Long)
2025-10-28T19:13:28.836+09:00 DEBUG 47582 --- [StudyTracker] [http-nio-8080-exec-10] c.g.y.s.r.LogRepository.sumBySubject     : <==      Total: 3
2025-10-28T19:13:31.781+09:00 DEBUG 47582 --- [StudyTracker] [http-nio-8080-exec-5] c.g.y.s.r.L.sumMinutesByPeriod           : ==>  Preparing: SELECT COALESCE(SUM(minutes), 0) FROM logs WHERE user_id = ? AND start_at <= ? AND end_at >= ?
2025-10-28T19:13:31.781+09:00 DEBUG 47582 --- [StudyTracker] [http-nio-8080-exec-5] c.g.y.s.r.L.sumMinutesByPeriod           : ==> Parameters: 1(Long), 2025-10-29T00:00(LocalDateTime), 2025-10-28T00:00(LocalDateTime)
2025-10-28T19:13:31.782+09:00 DEBUG 47582 --- [StudyTracker] [http-nio-8080-exec-5] c.g.y.s.r.L.sumMinutesByPeriod           : <==      Total: 1
2025-10-28T19:13:31.782+09:00 DEBUG 47582 --- [StudyTracker] [http-nio-8080-exec-5] c.g.y.s.r.L.sumMinutesByPeriod           : ==>  Preparing: SELECT COALESCE(SUM(minutes), 0) FROM logs WHERE user_id = ? AND start_at <= ? AND end_at >= ?
2025-10-28T19:13:31.783+09:00 DEBUG 47582 --- [StudyTracker] [http-nio-8080-exec-5] c.g.y.s.r.L.sumMinutesByPeriod           : ==> Parameters: 1(Long), 2025-11-03T00:00(LocalDateTime), 2025-10-27T00:00(LocalDateTime)
2025-10-28T19:13:31.783+09:00 DEBUG 47582 --- [StudyTracker] [http-nio-8080-exec-5] c.g.y.s.r.L.sumMinutesByPeriod           : <==      Total: 1
2025-10-28T19:13:31.784+09:00 DEBUG 47582 --- [StudyTracker] [http-nio-8080-exec-5] c.g.y.s.r.L.sumMinutesByPeriod           : ==>  Preparing: SELECT COALESCE(SUM(minutes), 0) FROM logs WHERE user_id = ? AND start_at <= ? AND end_at >= ?
2025-10-28T19:13:31.785+09:00 DEBUG 47582 --- [StudyTracker] [http-nio-8080-exec-5] c.g.y.s.r.L.sumMinutesByPeriod           : ==> Parameters: 1(Long), 2025-11-01T00:00(LocalDateTime), 2025-10-01T00:00(LocalDateTime)
2025-10-28T19:13:31.786+09:00 DEBUG 47582 --- [StudyTracker] [http-nio-8080-exec-5] c.g.y.s.r.L.sumMinutesByPeriod           : <==      Total: 1
2025-10-28T19:13:31.791+09:00 DEBUG 47582 --- [StudyTracker] [http-nio-8080-exec-5] c.g.y.s.r.LogRepository.sumBySubject     : ==>  Preparing: SELECT s.id AS subjectId, s.name AS subjectName, COALESCE(SUM(l.minutes), 0) AS totalMinutes, s.color_code AS colorCode FROM subjects s LEFT JOIN logs l ON l.user_id = ? AND l.subject_id = s.id AND l.start_at <= ? AND l.end_at >= ? WHERE s.user_id = ? AND s.archived = false GROUP BY s.id, s.name, s.color_code ORDER BY totalMinutes DESC
2025-10-28T19:13:31.792+09:00 DEBUG 47582 --- [StudyTracker] [http-nio-8080-exec-5] c.g.y.s.r.LogRepository.sumBySubject     : ==> Parameters: 1(Long), 2025-10-29T00:00(LocalDateTime), 2025-10-28T00:00(LocalDateTime), 1(Long)
2025-10-28T19:13:31.794+09:00 DEBUG 47582 --- [StudyTracker] [http-nio-8080-exec-5] c.g.y.s.r.LogRepository.sumBySubject     : <==      Total: 3
2025-10-28T19:13:31.795+09:00 DEBUG 47582 --- [StudyTracker] [http-nio-8080-exec-5] c.g.y.s.r.LogRepository.sumBySubject     : ==>  Preparing: SELECT s.id AS subjectId, s.name AS subjectName, COALESCE(SUM(l.minutes), 0) AS totalMinutes, s.color_code AS colorCode FROM subjects s LEFT JOIN logs l ON l.user_id = ? AND l.subject_id = s.id AND l.start_at <= ? AND l.end_at >= ? WHERE s.user_id = ? AND s.archived = false GROUP BY s.id, s.name, s.color_code ORDER BY totalMinutes DESC
2025-10-28T19:13:31.796+09:00 DEBUG 47582 --- [StudyTracker] [http-nio-8080-exec-5] c.g.y.s.r.LogRepository.sumBySubject     : ==> Parameters: 1(Long), 2025-11-03T00:00(LocalDateTime), 2025-10-27T00:00(LocalDateTime), 1(Long)
2025-10-28T19:13:31.797+09:00 DEBUG 47582 --- [StudyTracker] [http-nio-8080-exec-5] c.g.y.s.r.LogRepository.sumBySubject     : <==      Total: 3
2025-10-28T19:13:31.798+09:00 DEBUG 47582 --- [StudyTracker] [http-nio-8080-exec-5] c.g.y.s.r.LogRepository.sumBySubject     : ==>  Preparing: SELECT s.id AS subjectId, s.name AS subjectName, COALESCE(SUM(l.minutes), 0) AS totalMinutes, s.color_code AS colorCode FROM subjects s LEFT JOIN logs l ON l.user_id = ? AND l.subject_id = s.id AND l.start_at <= ? AND l.end_at >= ? WHERE s.user_id = ? AND s.archived = false GROUP BY s.id, s.name, s.color_code ORDER BY totalMinutes DESC
2025-10-28T19:13:31.798+09:00 DEBUG 47582 --- [StudyTracker] [http-nio-8080-exec-5] c.g.y.s.r.LogRepository.sumBySubject     : ==> Parameters: 1(Long), 2025-11-01T00:00(LocalDateTime), 2025-10-01T00:00(LocalDateTime), 1(Long)
2025-10-28T19:13:31.799+09:00 DEBUG 47582 --- [StudyTracker] [http-nio-8080-exec-5] c.g.y.s.r.LogRepository.sumBySubject     : <==      Total: 3
2025-10-28T19:13:32.584+09:00 DEBUG 47582 --- [StudyTracker] [http-nio-8080-exec-9] c.g.y.s.r.S.selectAllActive              : ==>  Preparing: SELECT * FROM subjects WHERE user_id = ? AND archived = FALSE ORDER BY updated_at DESC
2025-10-28T19:13:32.584+09:00 DEBUG 47582 --- [StudyTracker] [http-nio-8080-exec-9] c.g.y.s.r.S.selectAllActive              : ==> Parameters: 1(Long)
2025-10-28T19:13:32.586+09:00 DEBUG 47582 --- [StudyTracker] [http-nio-8080-exec-9] c.g.y.s.r.S.selectAllActive              : <==      Total: 3
2025-10-28T19:13:32.588+09:00 DEBUG 47582 --- [StudyTracker] [http-nio-8080-exec-9] c.g.y.s.r.LogRepository.selectByPeriod   : ==>  Preparing: SELECT * FROM logs WHERE user_id = ? AND subject_id = ? AND start_at <= ? AND end_at >= ? ORDER BY start_at DESC
2025-10-28T19:13:32.589+09:00 DEBUG 47582 --- [StudyTracker] [http-nio-8080-exec-9] c.g.y.s.r.LogRepository.selectByPeriod   : ==> Parameters: 1(Long), 1(Long), 2025-10-28T23:59:59(LocalDateTime), 2025-10-28T00:00(LocalDateTime)
2025-10-28T19:13:32.590+09:00 DEBUG 47582 --- [StudyTracker] [http-nio-8080-exec-9] c.g.y.s.r.LogRepository.selectByPeriod   : <==      Total: 0
2025-10-28T19:13:35.292+09:00 DEBUG 47582 --- [StudyTracker] [http-nio-8080-exec-4] c.g.y.s.r.L.sumMinutesByPeriod           : ==>  Preparing: SELECT COALESCE(SUM(minutes), 0) FROM logs WHERE user_id = ? AND start_at <= ? AND end_at >= ?
2025-10-28T19:13:35.293+09:00 DEBUG 47582 --- [StudyTracker] [http-nio-8080-exec-4] c.g.y.s.r.L.sumMinutesByPeriod           : ==> Parameters: 1(Long), 2025-10-29T00:00(LocalDateTime), 2025-10-28T00:00(LocalDateTime)
2025-10-28T19:13:35.294+09:00 DEBUG 47582 --- [StudyTracker] [http-nio-8080-exec-4] c.g.y.s.r.L.sumMinutesByPeriod           : <==      Total: 1
2025-10-28T19:13:35.294+09:00 DEBUG 47582 --- [StudyTracker] [http-nio-8080-exec-4] c.g.y.s.r.L.sumMinutesByPeriod           : ==>  Preparing: SELECT COALESCE(SUM(minutes), 0) FROM logs WHERE user_id = ? AND start_at <= ? AND end_at >= ?
2025-10-28T19:13:35.294+09:00 DEBUG 47582 --- [StudyTracker] [http-nio-8080-exec-4] c.g.y.s.r.L.sumMinutesByPeriod           : ==> Parameters: 1(Long), 2025-11-03T00:00(LocalDateTime), 2025-10-27T00:00(LocalDateTime)
2025-10-28T19:13:35.295+09:00 DEBUG 47582 --- [StudyTracker] [http-nio-8080-exec-4] c.g.y.s.r.L.sumMinutesByPeriod           : <==      Total: 1
2025-10-28T19:13:35.295+09:00 DEBUG 47582 --- [StudyTracker] [http-nio-8080-exec-4] c.g.y.s.r.L.sumMinutesByPeriod           : ==>  Preparing: SELECT COALESCE(SUM(minutes), 0) FROM logs WHERE user_id = ? AND start_at <= ? AND end_at >= ?
2025-10-28T19:13:35.296+09:00 DEBUG 47582 --- [StudyTracker] [http-nio-8080-exec-4] c.g.y.s.r.L.sumMinutesByPeriod           : ==> Parameters: 1(Long), 2025-11-01T00:00(LocalDateTime), 2025-10-01T00:00(LocalDateTime)
2025-10-28T19:13:35.296+09:00 DEBUG 47582 --- [StudyTracker] [http-nio-8080-exec-4] c.g.y.s.r.L.sumMinutesByPeriod           : <==      Total: 1
2025-10-28T19:13:35.297+09:00 DEBUG 47582 --- [StudyTracker] [http-nio-8080-exec-4] c.g.y.s.r.LogRepository.sumBySubject     : ==>  Preparing: SELECT s.id AS subjectId, s.name AS subjectName, COALESCE(SUM(l.minutes), 0) AS totalMinutes, s.color_code AS colorCode FROM subjects s LEFT JOIN logs l ON l.user_id = ? AND l.subject_id = s.id AND l.start_at <= ? AND l.end_at >= ? WHERE s.user_id = ? AND s.archived = false GROUP BY s.id, s.name, s.color_code ORDER BY totalMinutes DESC
2025-10-28T19:13:35.297+09:00 DEBUG 47582 --- [StudyTracker] [http-nio-8080-exec-4] c.g.y.s.r.LogRepository.sumBySubject     : ==> Parameters: 1(Long), 2025-10-29T00:00(LocalDateTime), 2025-10-28T00:00(LocalDateTime), 1(Long)
2025-10-28T19:13:35.299+09:00 DEBUG 47582 --- [StudyTracker] [http-nio-8080-exec-4] c.g.y.s.r.LogRepository.sumBySubject     : <==      Total: 3
2025-10-28T19:13:35.300+09:00 DEBUG 47582 --- [StudyTracker] [http-nio-8080-exec-4] c.g.y.s.r.LogRepository.sumBySubject     : ==>  Preparing: SELECT s.id AS subjectId, s.name AS subjectName, COALESCE(SUM(l.minutes), 0) AS totalMinutes, s.color_code AS colorCode FROM subjects s LEFT JOIN logs l ON l.user_id = ? AND l.subject_id = s.id AND l.start_at <= ? AND l.end_at >= ? WHERE s.user_id = ? AND s.archived = false GROUP BY s.id, s.name, s.color_code ORDER BY totalMinutes DESC
2025-10-28T19:13:35.301+09:00 DEBUG 47582 --- [StudyTracker] [http-nio-8080-exec-4] c.g.y.s.r.LogRepository.sumBySubject     : ==> Parameters: 1(Long), 2025-11-03T00:00(LocalDateTime), 2025-10-27T00:00(LocalDateTime), 1(Long)
2025-10-28T19:13:35.303+09:00 DEBUG 47582 --- [StudyTracker] [http-nio-8080-exec-4] c.g.y.s.r.LogRepository.sumBySubject     : <==      Total: 3
2025-10-28T19:13:35.303+09:00 DEBUG 47582 --- [StudyTracker] [http-nio-8080-exec-4] c.g.y.s.r.LogRepository.sumBySubject     : ==>  Preparing: SELECT s.id AS subjectId, s.name AS subjectName, COALESCE(SUM(l.minutes), 0) AS totalMinutes, s.color_code AS colorCode FROM subjects s LEFT JOIN logs l ON l.user_id = ? AND l.subject_id = s.id AND l.start_at <= ? AND l.end_at >= ? WHERE s.user_id = ? AND s.archived = false GROUP BY s.id, s.name, s.color_code ORDER BY totalMinutes DESC
2025-10-28T19:13:35.303+09:00 DEBUG 47582 --- [StudyTracker] [http-nio-8080-exec-4] c.g.y.s.r.LogRepository.sumBySubject     : ==> Parameters: 1(Long), 2025-11-01T00:00(LocalDateTime), 2025-10-01T00:00(LocalDateTime), 1(Long)
2025-10-28T19:13:35.305+09:00 DEBUG 47582 --- [StudyTracker] [http-nio-8080-exec-4] c.g.y.s.r.LogRepository.sumBySubject     : <==      Total: 3
2025-10-28T19:13:36.300+09:00 DEBUG 47582 --- [StudyTracker] [http-nio-8080-exec-8] c.g.y.s.r.S.selectAllActive              : ==>  Preparing: SELECT * FROM subjects WHERE user_id = ? AND archived = FALSE ORDER BY updated_at DESC
2025-10-28T19:13:36.300+09:00 DEBUG 47582 --- [StudyTracker] [http-nio-8080-exec-8] c.g.y.s.r.S.selectAllActive              : ==> Parameters: 1(Long)
2025-10-28T19:13:36.301+09:00 DEBUG 47582 --- [StudyTracker] [http-nio-8080-exec-8] c.g.y.s.r.S.selectAllActive              : <==      Total: 3
2025-10-28T19:13:37.177+09:00 DEBUG 47582 --- [StudyTracker] [http-nio-8080-exec-1] c.g.y.s.r.SubjectRepository.selectById   : ==>  Preparing: SELECT * FROM subjects WHERE id = ? AND user_id = ?
2025-10-28T19:13:37.178+09:00 DEBUG 47582 --- [StudyTracker] [http-nio-8080-exec-1] c.g.y.s.r.SubjectRepository.selectById   : ==> Parameters: 1(Long), 1(Long)
2025-10-28T19:13:37.179+09:00 DEBUG 47582 --- [StudyTracker] [http-nio-8080-exec-1] c.g.y.s.r.SubjectRepository.selectById   : <==      Total: 1
2025-10-28T19:13:38.665+09:00 DEBUG 47582 --- [StudyTracker] [http-nio-8080-exec-2] c.g.y.s.r.SubjectRepository.selectById   : ==>  Preparing: SELECT * FROM subjects WHERE id = ? AND user_id = ?
2025-10-28T19:13:38.665+09:00 DEBUG 47582 --- [StudyTracker] [http-nio-8080-exec-2] c.g.y.s.r.SubjectRepository.selectById   : ==> Parameters: 1(Long), 1(Long)
2025-10-28T19:13:38.669+09:00 DEBUG 47582 --- [StudyTracker] [http-nio-8080-exec-2] c.g.y.s.r.SubjectRepository.selectById   : <==      Total: 1
2025-10-28T19:13:39.761+09:00 DEBUG 47582 --- [StudyTracker] [http-nio-8080-exec-9] c.g.y.s.r.S.selectAllActive              : ==>  Preparing: SELECT * FROM subjects WHERE user_id = ? AND archived = FALSE ORDER BY updated_at DESC
2025-10-28T19:13:39.762+09:00 DEBUG 47582 --- [StudyTracker] [http-nio-8080-exec-9] c.g.y.s.r.S.selectAllActive              : ==> Parameters: 1(Long)
2025-10-28T19:13:39.763+09:00 DEBUG 47582 --- [StudyTracker] [http-nio-8080-exec-9] c.g.y.s.r.S.selectAllActive              : <==      Total: 3
2025-10-28T19:13:41.386+09:00 DEBUG 47582 --- [StudyTracker] [http-nio-8080-exec-10] c.g.y.s.r.SubjectRepository.selectById   : ==>  Preparing: SELECT * FROM subjects WHERE id = ? AND user_id = ?
2025-10-28T19:13:41.387+09:00 DEBUG 47582 --- [StudyTracker] [http-nio-8080-exec-10] c.g.y.s.r.SubjectRepository.selectById   : ==> Parameters: 2(Long), 1(Long)
2025-10-28T19:13:41.388+09:00 DEBUG 47582 --- [StudyTracker] [http-nio-8080-exec-10] c.g.y.s.r.SubjectRepository.selectById   : <==      Total: 1
2025-10-28T19:13:44.590+09:00 DEBUG 47582 --- [StudyTracker] [http-nio-8080-exec-6] c.g.y.s.r.SubjectRepository.archive      : ==>  Preparing: UPDATE subjects SET archived = TRUE, updated_at = CURRENT_TIMESTAMP WHERE id = ? AND user_id = ?
2025-10-28T19:13:44.594+09:00 DEBUG 47582 --- [StudyTracker] [http-nio-8080-exec-6] c.g.y.s.r.SubjectRepository.archive      : ==> Parameters: 2(Long), 1(Long)
2025-10-28T19:13:44.595+09:00 DEBUG 47582 --- [StudyTracker] [http-nio-8080-exec-6] c.g.y.s.r.SubjectRepository.archive      : <==    Updates: 1
2025-10-28T19:13:44.595+09:00  INFO 47582 --- [StudyTracker] [http-nio-8080-exec-6] c.g.y.s.service.AppAuditService          : [AUDIT] ARCHIVE on SUBJECT (ID=2) userId=1 detail=null
2025-10-28T19:13:44.596+09:00 DEBUG 47582 --- [StudyTracker] [http-nio-8080-exec-6] c.g.y.s.r.AppAuditRepository.insert      : ==>  Preparing: INSERT INTO app_audit (user_id, action, entity, entity_id, detail, created_at) VALUES (?, ?, ?, ?, ?, CURRENT_TIMESTAMP)
2025-10-28T19:13:44.598+09:00 DEBUG 47582 --- [StudyTracker] [http-nio-8080-exec-6] c.g.y.s.r.AppAuditRepository.insert      : ==> Parameters: 1(Long), ARCHIVE(String), SUBJECT(String), 2(Long), null
2025-10-28T19:13:44.599+09:00 DEBUG 47582 --- [StudyTracker] [http-nio-8080-exec-6] c.g.y.s.r.AppAuditRepository.insert      : <==    Updates: 1
2025-10-28T19:13:44.610+09:00 DEBUG 47582 --- [StudyTracker] [http-nio-8080-exec-8] c.g.y.s.r.S.selectAllActive              : ==>  Preparing: SELECT * FROM subjects WHERE user_id = ? AND archived = FALSE ORDER BY updated_at DESC
2025-10-28T19:13:44.611+09:00 DEBUG 47582 --- [StudyTracker] [http-nio-8080-exec-8] c.g.y.s.r.S.selectAllActive              : ==> Parameters: 1(Long)
2025-10-28T19:13:44.611+09:00 DEBUG 47582 --- [StudyTracker] [http-nio-8080-exec-8] c.g.y.s.r.S.selectAllActive              : <==      Total: 2
2025-10-28T19:13:45.844+09:00 DEBUG 47582 --- [StudyTracker] [http-nio-8080-exec-7] c.g.y.s.r.S.selectAllActive              : ==>  Preparing: SELECT * FROM subjects WHERE user_id = ? AND archived = FALSE ORDER BY updated_at DESC
2025-10-28T19:13:45.845+09:00 DEBUG 47582 --- [StudyTracker] [http-nio-8080-exec-7] c.g.y.s.r.S.selectAllActive              : ==> Parameters: 1(Long)
2025-10-28T19:13:45.848+09:00 DEBUG 47582 --- [StudyTracker] [http-nio-8080-exec-7] c.g.y.s.r.S.selectAllActive              : <==      Total: 2
2025-10-28T19:13:45.850+09:00 DEBUG 47582 --- [StudyTracker] [http-nio-8080-exec-7] c.g.y.s.r.LogRepository.selectByPeriod   : ==>  Preparing: SELECT * FROM logs WHERE user_id = ? AND start_at <= ? AND end_at >= ? ORDER BY start_at DESC
2025-10-28T19:13:45.852+09:00 DEBUG 47582 --- [StudyTracker] [http-nio-8080-exec-7] c.g.y.s.r.LogRepository.selectByPeriod   : ==> Parameters: 1(Long), 2025-10-28T23:59:59(LocalDateTime), 2025-10-21T00:00(LocalDateTime)
2025-10-28T19:13:45.852+09:00 DEBUG 47582 --- [StudyTracker] [http-nio-8080-exec-7] c.g.y.s.r.LogRepository.selectByPeriod   : <==      Total: 1
2025-10-28T19:13:48.592+09:00 DEBUG 47582 --- [StudyTracker] [http-nio-8080-exec-2] c.g.y.s.r.S.selectAllActive              : ==>  Preparing: SELECT * FROM subjects WHERE user_id = ? AND archived = FALSE ORDER BY updated_at DESC
2025-10-28T19:13:48.592+09:00 DEBUG 47582 --- [StudyTracker] [http-nio-8080-exec-2] c.g.y.s.r.S.selectAllActive              : ==> Parameters: 1(Long)
2025-10-28T19:13:48.593+09:00 DEBUG 47582 --- [StudyTracker] [http-nio-8080-exec-2] c.g.y.s.r.S.selectAllActive              : <==      Total: 2
2025-10-28T19:13:58.735+09:00 DEBUG 47582 --- [StudyTracker] [http-nio-8080-exec-9] c.g.y.s.repository.LogRepository.insert  : ==>  Preparing: INSERT INTO logs (user_id, subject_id, start_at, end_at, minutes, memo, created_at, updated_at) VALUES (?, ?, ?, ?, ?, ?, CURRENT_TIMESTAMP, CURRENT_TIMESTAMP)
2025-10-28T19:13:58.737+09:00 DEBUG 47582 --- [StudyTracker] [http-nio-8080-exec-9] c.g.y.s.repository.LogRepository.insert  : ==> Parameters: 1(Long), 3(Long), 2025-10-28T18:13(LocalDateTime), 2025-10-28T19:13(LocalDateTime), 60(Integer), (String)
2025-10-28T19:13:58.738+09:00 DEBUG 47582 --- [StudyTracker] [http-nio-8080-exec-9] c.g.y.s.repository.LogRepository.insert  : <==    Updates: 1
2025-10-28T19:13:58.739+09:00  INFO 47582 --- [StudyTracker] [http-nio-8080-exec-9] c.g.y.s.service.AppAuditService          : [AUDIT] CREATE on LOG (ID=3) userId=1 detail=subject=3, minutes=60
2025-10-28T19:13:58.739+09:00 DEBUG 47582 --- [StudyTracker] [http-nio-8080-exec-9] c.g.y.s.r.AppAuditRepository.insert      : ==>  Preparing: INSERT INTO app_audit (user_id, action, entity, entity_id, detail, created_at) VALUES (?, ?, ?, ?, ?, CURRENT_TIMESTAMP)
2025-10-28T19:13:58.740+09:00 DEBUG 47582 --- [StudyTracker] [http-nio-8080-exec-9] c.g.y.s.r.AppAuditRepository.insert      : ==> Parameters: 1(Long), CREATE(String), LOG(String), 3(Long), subject=3, minutes=60(String)
2025-10-28T19:13:58.740+09:00 DEBUG 47582 --- [StudyTracker] [http-nio-8080-exec-9] c.g.y.s.r.AppAuditRepository.insert      : <==    Updates: 1
2025-10-28T19:13:58.744+09:00 DEBUG 47582 --- [StudyTracker] [http-nio-8080-exec-1] c.g.y.s.r.S.selectAllActive              : ==>  Preparing: SELECT * FROM subjects WHERE user_id = ? AND archived = FALSE ORDER BY updated_at DESC
2025-10-28T19:13:58.744+09:00 DEBUG 47582 --- [StudyTracker] [http-nio-8080-exec-1] c.g.y.s.r.S.selectAllActive              : ==> Parameters: 1(Long)
2025-10-28T19:13:58.744+09:00 DEBUG 47582 --- [StudyTracker] [http-nio-8080-exec-1] c.g.y.s.r.S.selectAllActive              : <==      Total: 2
2025-10-28T19:13:58.745+09:00 DEBUG 47582 --- [StudyTracker] [http-nio-8080-exec-1] c.g.y.s.r.LogRepository.selectByPeriod   : ==>  Preparing: SELECT * FROM logs WHERE user_id = ? AND start_at <= ? AND end_at >= ? ORDER BY start_at DESC
2025-10-28T19:13:58.745+09:00 DEBUG 47582 --- [StudyTracker] [http-nio-8080-exec-1] c.g.y.s.r.LogRepository.selectByPeriod   : ==> Parameters: 1(Long), 2025-10-28T23:59:59(LocalDateTime), 2025-10-21T00:00(LocalDateTime)
2025-10-28T19:13:58.745+09:00 DEBUG 47582 --- [StudyTracker] [http-nio-8080-exec-1] c.g.y.s.r.LogRepository.selectByPeriod   : <==      Total: 2
2025-10-28T19:14:22.359+09:00 DEBUG 47582 --- [StudyTracker] [http-nio-8080-exec-4] c.g.y.s.r.S.selectAllActive              : ==>  Preparing: SELECT * FROM subjects WHERE user_id = ? AND archived = FALSE ORDER BY updated_at DESC
2025-10-28T19:14:22.361+09:00 DEBUG 47582 --- [StudyTracker] [http-nio-8080-exec-4] c.g.y.s.r.S.selectAllActive              : ==> Parameters: 1(Long)
2025-10-28T19:14:22.362+09:00 DEBUG 47582 --- [StudyTracker] [http-nio-8080-exec-4] c.g.y.s.r.S.selectAllActive              : <==      Total: 2
2025-10-28T19:14:22.363+09:00 DEBUG 47582 --- [StudyTracker] [http-nio-8080-exec-4] c.g.y.s.r.TimerRepository.findActive     : ==>  Preparing: SELECT * FROM timers WHERE user_id = ? AND end_at IS NULL ORDER BY start_at DESC LIMIT 1
2025-10-28T19:14:22.364+09:00 DEBUG 47582 --- [StudyTracker] [http-nio-8080-exec-4] c.g.y.s.r.TimerRepository.findActive     : ==> Parameters: 1(Long)
2025-10-28T19:14:22.364+09:00 DEBUG 47582 --- [StudyTracker] [http-nio-8080-exec-4] c.g.y.s.r.TimerRepository.findActive     : <==      Total: 0
2025-10-28T19:14:27.743+09:00 DEBUG 47582 --- [StudyTracker] [http-nio-8080-exec-1] c.g.y.s.r.TimerRepository.findActive     : ==>  Preparing: SELECT * FROM timers WHERE user_id = ? AND end_at IS NULL ORDER BY start_at DESC LIMIT 1
2025-10-28T19:14:27.744+09:00 DEBUG 47582 --- [StudyTracker] [http-nio-8080-exec-1] c.g.y.s.r.TimerRepository.findActive     : ==> Parameters: 1(Long)
2025-10-28T19:14:27.744+09:00 DEBUG 47582 --- [StudyTracker] [http-nio-8080-exec-1] c.g.y.s.r.TimerRepository.findActive     : <==      Total: 0
2025-10-28T19:14:27.745+09:00 DEBUG 47582 --- [StudyTracker] [http-nio-8080-exec-1] c.g.y.s.r.TimerRepository.startFocus     : ==>  Preparing: INSERT INTO timers (user_id, subject_id, focus_minutes, break_minutes, start_at) VALUES (?, ?, ?, ?, CURRENT_TIMESTAMP)
2025-10-28T19:14:27.746+09:00 DEBUG 47582 --- [StudyTracker] [http-nio-8080-exec-1] c.g.y.s.r.TimerRepository.startFocus     : ==> Parameters: 1(Long), 1(Long), 24(Integer), 4(Integer)
2025-10-28T19:14:27.746+09:00 DEBUG 47582 --- [StudyTracker] [http-nio-8080-exec-1] c.g.y.s.r.TimerRepository.startFocus     : <==    Updates: 1
2025-10-28T19:14:27.747+09:00  INFO 47582 --- [StudyTracker] [http-nio-8080-exec-1] c.g.y.s.service.AppAuditService          : [AUDIT] TIMER_START on TIMER (ID=1) userId=1 detail=focus=24
2025-10-28T19:14:27.747+09:00 DEBUG 47582 --- [StudyTracker] [http-nio-8080-exec-1] c.g.y.s.r.AppAuditRepository.insert      : ==>  Preparing: INSERT INTO app_audit (user_id, action, entity, entity_id, detail, created_at) VALUES (?, ?, ?, ?, ?, CURRENT_TIMESTAMP)
2025-10-28T19:14:27.747+09:00 DEBUG 47582 --- [StudyTracker] [http-nio-8080-exec-1] c.g.y.s.r.AppAuditRepository.insert      : ==> Parameters: 1(Long), TIMER_START(String), TIMER(String), 1(Long), focus=24(String)
2025-10-28T19:14:27.748+09:00 DEBUG 47582 --- [StudyTracker] [http-nio-8080-exec-1] c.g.y.s.r.AppAuditRepository.insert      : <==    Updates: 1
2025-10-28T19:14:27.764+09:00 DEBUG 47582 --- [StudyTracker] [http-nio-8080-exec-3] c.g.y.s.r.S.selectAllActive              : ==>  Preparing: SELECT * FROM subjects WHERE user_id = ? AND archived = FALSE ORDER BY updated_at DESC
2025-10-28T19:14:27.765+09:00 DEBUG 47582 --- [StudyTracker] [http-nio-8080-exec-3] c.g.y.s.r.S.selectAllActive              : ==> Parameters: 1(Long)
2025-10-28T19:14:27.765+09:00 DEBUG 47582 --- [StudyTracker] [http-nio-8080-exec-3] c.g.y.s.r.S.selectAllActive              : <==      Total: 2
2025-10-28T19:14:27.766+09:00 DEBUG 47582 --- [StudyTracker] [http-nio-8080-exec-3] c.g.y.s.r.TimerRepository.findActive     : ==>  Preparing: SELECT * FROM timers WHERE user_id = ? AND end_at IS NULL ORDER BY start_at DESC LIMIT 1
2025-10-28T19:14:27.766+09:00 DEBUG 47582 --- [StudyTracker] [http-nio-8080-exec-3] c.g.y.s.r.TimerRepository.findActive     : ==> Parameters: 1(Long)
2025-10-28T19:14:27.767+09:00 DEBUG 47582 --- [StudyTracker] [http-nio-8080-exec-3] c.g.y.s.r.TimerRepository.findActive     : <==      Total: 1
2025-10-28T19:14:29.567+09:00 DEBUG 47582 --- [StudyTracker] [http-nio-8080-exec-6] c.g.y.s.r.TimerRepository.findActive     : ==>  Preparing: SELECT * FROM timers WHERE user_id = ? AND end_at IS NULL ORDER BY start_at DESC LIMIT 1
2025-10-28T19:14:29.568+09:00 DEBUG 47582 --- [StudyTracker] [http-nio-8080-exec-6] c.g.y.s.r.TimerRepository.findActive     : ==> Parameters: 1(Long)
2025-10-28T19:14:29.568+09:00 DEBUG 47582 --- [StudyTracker] [http-nio-8080-exec-6] c.g.y.s.r.TimerRepository.findActive     : <==      Total: 1
2025-10-28T19:14:29.570+09:00 DEBUG 47582 --- [StudyTracker] [http-nio-8080-exec-6] c.g.y.s.repository.LogRepository.insert  : ==>  Preparing: INSERT INTO logs (user_id, subject_id, start_at, end_at, minutes, memo, created_at, updated_at) VALUES (?, ?, ?, ?, ?, ?, CURRENT_TIMESTAMP, CURRENT_TIMESTAMP)
2025-10-28T19:14:29.571+09:00 DEBUG 47582 --- [StudyTracker] [http-nio-8080-exec-6] c.g.y.s.repository.LogRepository.insert  : ==> Parameters: 1(Long), 1(Long), 2025-10-28T19:14:27.746256(LocalDateTime), 2025-10-28T19:14:29.568884(LocalDateTime), 1(Integer), 自動登録：ポモドーロ（休憩開始）(String)
2025-10-28T19:14:29.571+09:00 DEBUG 47582 --- [StudyTracker] [http-nio-8080-exec-6] c.g.y.s.repository.LogRepository.insert  : <==    Updates: 1
2025-10-28T19:14:29.572+09:00  INFO 47582 --- [StudyTracker] [http-nio-8080-exec-6] c.g.y.s.service.AppAuditService          : [AUDIT] CREATE on LOG (ID=4) userId=1 detail=subject=1, minutes=1
2025-10-28T19:14:29.572+09:00 DEBUG 47582 --- [StudyTracker] [http-nio-8080-exec-6] c.g.y.s.r.AppAuditRepository.insert      : ==>  Preparing: INSERT INTO app_audit (user_id, action, entity, entity_id, detail, created_at) VALUES (?, ?, ?, ?, ?, CURRENT_TIMESTAMP)
2025-10-28T19:14:29.572+09:00 DEBUG 47582 --- [StudyTracker] [http-nio-8080-exec-6] c.g.y.s.r.AppAuditRepository.insert      : ==> Parameters: 1(Long), CREATE(String), LOG(String), 4(Long), subject=1, minutes=1(String)
2025-10-28T19:14:29.573+09:00 DEBUG 47582 --- [StudyTracker] [http-nio-8080-exec-6] c.g.y.s.r.AppAuditRepository.insert      : <==    Updates: 1
2025-10-28T19:14:29.574+09:00 DEBUG 47582 --- [StudyTracker] [http-nio-8080-exec-6] c.g.y.s.r.TimerRepository.findActive     : ==>  Preparing: SELECT * FROM timers WHERE user_id = ? AND end_at IS NULL ORDER BY start_at DESC LIMIT 1
2025-10-28T19:14:29.574+09:00 DEBUG 47582 --- [StudyTracker] [http-nio-8080-exec-6] c.g.y.s.r.TimerRepository.findActive     : ==> Parameters: 1(Long)
2025-10-28T19:14:29.575+09:00 DEBUG 47582 --- [StudyTracker] [http-nio-8080-exec-6] c.g.y.s.r.TimerRepository.findActive     : <==      Total: 1
2025-10-28T19:14:29.575+09:00 DEBUG 47582 --- [StudyTracker] [http-nio-8080-exec-6] c.g.y.s.r.TimerRepository.stopActive     : ==>  Preparing: UPDATE timers SET end_at = CURRENT_TIMESTAMP WHERE user_id = ? AND end_at IS NULL
2025-10-28T19:14:29.576+09:00 DEBUG 47582 --- [StudyTracker] [http-nio-8080-exec-6] c.g.y.s.r.TimerRepository.stopActive     : ==> Parameters: 1(Long)
2025-10-28T19:14:29.576+09:00 DEBUG 47582 --- [StudyTracker] [http-nio-8080-exec-6] c.g.y.s.r.TimerRepository.stopActive     : <==    Updates: 1
2025-10-28T19:14:29.576+09:00  INFO 47582 --- [StudyTracker] [http-nio-8080-exec-6] c.g.y.s.service.AppAuditService          : [AUDIT] TIMER_STOP on TIMER (ID=1) userId=1 detail=actualMinutes=0
2025-10-28T19:14:29.577+09:00 DEBUG 47582 --- [StudyTracker] [http-nio-8080-exec-6] c.g.y.s.r.AppAuditRepository.insert      : ==>  Preparing: INSERT INTO app_audit (user_id, action, entity, entity_id, detail, created_at) VALUES (?, ?, ?, ?, ?, CURRENT_TIMESTAMP)
2025-10-28T19:14:29.577+09:00 DEBUG 47582 --- [StudyTracker] [http-nio-8080-exec-6] c.g.y.s.r.AppAuditRepository.insert      : ==> Parameters: 1(Long), TIMER_STOP(String), TIMER(String), 1(Long), actualMinutes=0(String)
2025-10-28T19:14:29.578+09:00 DEBUG 47582 --- [StudyTracker] [http-nio-8080-exec-6] c.g.y.s.r.AppAuditRepository.insert      : <==    Updates: 1
2025-10-28T19:14:29.584+09:00 DEBUG 47582 --- [StudyTracker] [http-nio-8080-exec-5] c.g.y.s.r.S.selectAllActive              : ==>  Preparing: SELECT * FROM subjects WHERE user_id = ? AND archived = FALSE ORDER BY updated_at DESC
2025-10-28T19:14:29.584+09:00 DEBUG 47582 --- [StudyTracker] [http-nio-8080-exec-5] c.g.y.s.r.S.selectAllActive              : ==> Parameters: 1(Long)
2025-10-28T19:14:29.585+09:00 DEBUG 47582 --- [StudyTracker] [http-nio-8080-exec-5] c.g.y.s.r.S.selectAllActive              : <==      Total: 2
2025-10-28T19:14:29.585+09:00 DEBUG 47582 --- [StudyTracker] [http-nio-8080-exec-5] c.g.y.s.r.TimerRepository.findActive     : ==>  Preparing: SELECT * FROM timers WHERE user_id = ? AND end_at IS NULL ORDER BY start_at DESC LIMIT 1
2025-10-28T19:14:29.585+09:00 DEBUG 47582 --- [StudyTracker] [http-nio-8080-exec-5] c.g.y.s.r.TimerRepository.findActive     : ==> Parameters: 1(Long)
2025-10-28T19:14:29.586+09:00 DEBUG 47582 --- [StudyTracker] [http-nio-8080-exec-5] c.g.y.s.r.TimerRepository.findActive     : <==      Total: 0
2025-10-28T19:14:31.802+09:00 DEBUG 47582 --- [StudyTracker] [http-nio-8080-exec-1] c.g.y.s.r.TimerRepository.findActive     : ==>  Preparing: SELECT * FROM timers WHERE user_id = ? AND end_at IS NULL ORDER BY start_at DESC LIMIT 1
2025-10-28T19:14:31.802+09:00 DEBUG 47582 --- [StudyTracker] [http-nio-8080-exec-1] c.g.y.s.r.TimerRepository.findActive     : ==> Parameters: 1(Long)
2025-10-28T19:14:31.803+09:00 DEBUG 47582 --- [StudyTracker] [http-nio-8080-exec-1] c.g.y.s.r.TimerRepository.findActive     : <==      Total: 0
2025-10-28T19:14:31.803+09:00 DEBUG 47582 --- [StudyTracker] [http-nio-8080-exec-1] c.g.y.s.r.TimerRepository.startFocus     : ==>  Preparing: INSERT INTO timers (user_id, subject_id, focus_minutes, break_minutes, start_at) VALUES (?, ?, ?, ?, CURRENT_TIMESTAMP)
2025-10-28T19:14:31.803+09:00 DEBUG 47582 --- [StudyTracker] [http-nio-8080-exec-1] c.g.y.s.r.TimerRepository.startFocus     : ==> Parameters: 1(Long), 1(Long), 24(Integer), 4(Integer)
2025-10-28T19:14:31.803+09:00 DEBUG 47582 --- [StudyTracker] [http-nio-8080-exec-1] c.g.y.s.r.TimerRepository.startFocus     : <==    Updates: 1
2025-10-28T19:14:31.804+09:00  INFO 47582 --- [StudyTracker] [http-nio-8080-exec-1] c.g.y.s.service.AppAuditService          : [AUDIT] TIMER_START on TIMER (ID=1) userId=1 detail=focus=24
2025-10-28T19:14:31.804+09:00 DEBUG 47582 --- [StudyTracker] [http-nio-8080-exec-1] c.g.y.s.r.AppAuditRepository.insert      : ==>  Preparing: INSERT INTO app_audit (user_id, action, entity, entity_id, detail, created_at) VALUES (?, ?, ?, ?, ?, CURRENT_TIMESTAMP)
2025-10-28T19:14:31.804+09:00 DEBUG 47582 --- [StudyTracker] [http-nio-8080-exec-1] c.g.y.s.r.AppAuditRepository.insert      : ==> Parameters: 1(Long), TIMER_START(String), TIMER(String), 1(Long), focus=24(String)
2025-10-28T19:14:31.804+09:00 DEBUG 47582 --- [StudyTracker] [http-nio-8080-exec-1] c.g.y.s.r.AppAuditRepository.insert      : <==    Updates: 1
2025-10-28T19:14:31.811+09:00 DEBUG 47582 --- [StudyTracker] [http-nio-8080-exec-3] c.g.y.s.r.S.selectAllActive              : ==>  Preparing: SELECT * FROM subjects WHERE user_id = ? AND archived = FALSE ORDER BY updated_at DESC
2025-10-28T19:14:31.811+09:00 DEBUG 47582 --- [StudyTracker] [http-nio-8080-exec-3] c.g.y.s.r.S.selectAllActive              : ==> Parameters: 1(Long)
2025-10-28T19:14:31.812+09:00 DEBUG 47582 --- [StudyTracker] [http-nio-8080-exec-3] c.g.y.s.r.S.selectAllActive              : <==      Total: 2
2025-10-28T19:14:31.813+09:00 DEBUG 47582 --- [StudyTracker] [http-nio-8080-exec-3] c.g.y.s.r.TimerRepository.findActive     : ==>  Preparing: SELECT * FROM timers WHERE user_id = ? AND end_at IS NULL ORDER BY start_at DESC LIMIT 1
2025-10-28T19:14:31.814+09:00 DEBUG 47582 --- [StudyTracker] [http-nio-8080-exec-3] c.g.y.s.r.TimerRepository.findActive     : ==> Parameters: 1(Long)
2025-10-28T19:14:31.814+09:00 DEBUG 47582 --- [StudyTracker] [http-nio-8080-exec-3] c.g.y.s.r.TimerRepository.findActive     : <==      Total: 1
2025-10-28T19:14:33.469+09:00 DEBUG 47582 --- [StudyTracker] [http-nio-8080-exec-4] c.g.y.s.r.TimerRepository.findActive     : ==>  Preparing: SELECT * FROM timers WHERE user_id = ? AND end_at IS NULL ORDER BY start_at DESC LIMIT 1
2025-10-28T19:14:33.470+09:00 DEBUG 47582 --- [StudyTracker] [http-nio-8080-exec-4] c.g.y.s.r.TimerRepository.findActive     : ==> Parameters: 1(Long)
2025-10-28T19:14:33.472+09:00 DEBUG 47582 --- [StudyTracker] [http-nio-8080-exec-4] c.g.y.s.r.TimerRepository.findActive     : <==      Total: 1
2025-10-28T19:14:33.472+09:00 DEBUG 47582 --- [StudyTracker] [http-nio-8080-exec-4] c.g.y.s.repository.LogRepository.insert  : ==>  Preparing: INSERT INTO logs (user_id, subject_id, start_at, end_at, minutes, memo, created_at, updated_at) VALUES (?, ?, ?, ?, ?, ?, CURRENT_TIMESTAMP, CURRENT_TIMESTAMP)
2025-10-28T19:14:33.473+09:00 DEBUG 47582 --- [StudyTracker] [http-nio-8080-exec-4] c.g.y.s.repository.LogRepository.insert  : ==> Parameters: 1(Long), 1(Long), 2025-10-28T19:14:31.803591(LocalDateTime), 2025-10-28T19:14:33.472472(LocalDateTime), 1(Integer), 自動登録：ポモドーロ（休憩開始）(String)
2025-10-28T19:14:33.474+09:00 DEBUG 47582 --- [StudyTracker] [http-nio-8080-exec-4] c.g.y.s.repository.LogRepository.insert  : <==    Updates: 1
2025-10-28T19:14:33.474+09:00  INFO 47582 --- [StudyTracker] [http-nio-8080-exec-4] c.g.y.s.service.AppAuditService          : [AUDIT] CREATE on LOG (ID=5) userId=1 detail=subject=1, minutes=1
2025-10-28T19:14:33.474+09:00 DEBUG 47582 --- [StudyTracker] [http-nio-8080-exec-4] c.g.y.s.r.AppAuditRepository.insert      : ==>  Preparing: INSERT INTO app_audit (user_id, action, entity, entity_id, detail, created_at) VALUES (?, ?, ?, ?, ?, CURRENT_TIMESTAMP)
2025-10-28T19:14:33.474+09:00 DEBUG 47582 --- [StudyTracker] [http-nio-8080-exec-4] c.g.y.s.r.AppAuditRepository.insert      : ==> Parameters: 1(Long), CREATE(String), LOG(String), 5(Long), subject=1, minutes=1(String)
2025-10-28T19:14:33.475+09:00 DEBUG 47582 --- [StudyTracker] [http-nio-8080-exec-4] c.g.y.s.r.AppAuditRepository.insert      : <==    Updates: 1
2025-10-28T19:14:33.476+09:00 DEBUG 47582 --- [StudyTracker] [http-nio-8080-exec-4] c.g.y.s.r.TimerRepository.findActive     : ==>  Preparing: SELECT * FROM timers WHERE user_id = ? AND end_at IS NULL ORDER BY start_at DESC LIMIT 1
2025-10-28T19:14:33.476+09:00 DEBUG 47582 --- [StudyTracker] [http-nio-8080-exec-4] c.g.y.s.r.TimerRepository.findActive     : ==> Parameters: 1(Long)
2025-10-28T19:14:33.477+09:00 DEBUG 47582 --- [StudyTracker] [http-nio-8080-exec-4] c.g.y.s.r.TimerRepository.findActive     : <==      Total: 1
2025-10-28T19:14:33.477+09:00 DEBUG 47582 --- [StudyTracker] [http-nio-8080-exec-4] c.g.y.s.r.TimerRepository.stopActive     : ==>  Preparing: UPDATE timers SET end_at = CURRENT_TIMESTAMP WHERE user_id = ? AND end_at IS NULL
2025-10-28T19:14:33.477+09:00 DEBUG 47582 --- [StudyTracker] [http-nio-8080-exec-4] c.g.y.s.r.TimerRepository.stopActive     : ==> Parameters: 1(Long)
2025-10-28T19:14:33.478+09:00 DEBUG 47582 --- [StudyTracker] [http-nio-8080-exec-4] c.g.y.s.r.TimerRepository.stopActive     : <==    Updates: 1
2025-10-28T19:14:33.478+09:00  INFO 47582 --- [StudyTracker] [http-nio-8080-exec-4] c.g.y.s.service.AppAuditService          : [AUDIT] TIMER_STOP on TIMER (ID=1) userId=1 detail=actualMinutes=0
2025-10-28T19:14:33.478+09:00 DEBUG 47582 --- [StudyTracker] [http-nio-8080-exec-4] c.g.y.s.r.AppAuditRepository.insert      : ==>  Preparing: INSERT INTO app_audit (user_id, action, entity, entity_id, detail, created_at) VALUES (?, ?, ?, ?, ?, CURRENT_TIMESTAMP)
2025-10-28T19:14:33.479+09:00 DEBUG 47582 --- [StudyTracker] [http-nio-8080-exec-4] c.g.y.s.r.AppAuditRepository.insert      : ==> Parameters: 1(Long), TIMER_STOP(String), TIMER(String), 1(Long), actualMinutes=0(String)
2025-10-28T19:14:33.479+09:00 DEBUG 47582 --- [StudyTracker] [http-nio-8080-exec-4] c.g.y.s.r.AppAuditRepository.insert      : <==    Updates: 1
2025-10-28T19:14:33.492+09:00 DEBUG 47582 --- [StudyTracker] [http-nio-8080-exec-10] c.g.y.s.r.S.selectAllActive              : ==>  Preparing: SELECT * FROM subjects WHERE user_id = ? AND archived = FALSE ORDER BY updated_at DESC
2025-10-28T19:14:33.493+09:00 DEBUG 47582 --- [StudyTracker] [http-nio-8080-exec-10] c.g.y.s.r.S.selectAllActive              : ==> Parameters: 1(Long)
2025-10-28T19:14:33.494+09:00 DEBUG 47582 --- [StudyTracker] [http-nio-8080-exec-10] c.g.y.s.r.S.selectAllActive              : <==      Total: 2
2025-10-28T19:14:33.494+09:00 DEBUG 47582 --- [StudyTracker] [http-nio-8080-exec-10] c.g.y.s.r.TimerRepository.findActive     : ==>  Preparing: SELECT * FROM timers WHERE user_id = ? AND end_at IS NULL ORDER BY start_at DESC LIMIT 1
2025-10-28T19:14:33.494+09:00 DEBUG 47582 --- [StudyTracker] [http-nio-8080-exec-10] c.g.y.s.r.TimerRepository.findActive     : ==> Parameters: 1(Long)
2025-10-28T19:14:33.495+09:00 DEBUG 47582 --- [StudyTracker] [http-nio-8080-exec-10] c.g.y.s.r.TimerRepository.findActive     : <==      Total: 0
2025-10-28T19:14:34.596+09:00 DEBUG 47582 --- [StudyTracker] [http-nio-8080-exec-1] c.g.y.s.r.TimerRepository.findActive     : ==>  Preparing: SELECT * FROM timers WHERE user_id = ? AND end_at IS NULL ORDER BY start_at DESC LIMIT 1
2025-10-28T19:14:34.596+09:00 DEBUG 47582 --- [StudyTracker] [http-nio-8080-exec-1] c.g.y.s.r.TimerRepository.findActive     : ==> Parameters: 1(Long)
2025-10-28T19:14:34.597+09:00 DEBUG 47582 --- [StudyTracker] [http-nio-8080-exec-1] c.g.y.s.r.TimerRepository.findActive     : <==      Total: 0
2025-10-28T19:14:34.601+09:00 DEBUG 47582 --- [StudyTracker] [http-nio-8080-exec-3] c.g.y.s.r.S.selectAllActive              : ==>  Preparing: SELECT * FROM subjects WHERE user_id = ? AND archived = FALSE ORDER BY updated_at DESC
2025-10-28T19:14:34.601+09:00 DEBUG 47582 --- [StudyTracker] [http-nio-8080-exec-3] c.g.y.s.r.S.selectAllActive              : ==> Parameters: 1(Long)
2025-10-28T19:14:34.602+09:00 DEBUG 47582 --- [StudyTracker] [http-nio-8080-exec-3] c.g.y.s.r.S.selectAllActive              : <==      Total: 2
2025-10-28T19:14:34.603+09:00 DEBUG 47582 --- [StudyTracker] [http-nio-8080-exec-3] c.g.y.s.r.LogRepository.selectByPeriod   : ==>  Preparing: SELECT * FROM logs WHERE user_id = ? AND start_at <= ? AND end_at >= ? ORDER BY start_at DESC
2025-10-28T19:14:34.603+09:00 DEBUG 47582 --- [StudyTracker] [http-nio-8080-exec-3] c.g.y.s.r.LogRepository.selectByPeriod   : ==> Parameters: 1(Long), 2025-10-28T23:59:59(LocalDateTime), 2025-10-21T00:00(LocalDateTime)
2025-10-28T19:14:34.604+09:00 DEBUG 47582 --- [StudyTracker] [http-nio-8080-exec-3] c.g.y.s.r.LogRepository.selectByPeriod   : <==      Total: 4
2025-10-28T19:14:40.828+09:00 DEBUG 47582 --- [StudyTracker] [http-nio-8080-exec-5] c.g.y.s.r.L.sumMinutesByPeriod           : ==>  Preparing: SELECT COALESCE(SUM(minutes), 0) FROM logs WHERE user_id = ? AND start_at <= ? AND end_at >= ?
2025-10-28T19:14:40.829+09:00 DEBUG 47582 --- [StudyTracker] [http-nio-8080-exec-5] c.g.y.s.r.L.sumMinutesByPeriod           : ==> Parameters: 1(Long), 2025-10-29T00:00(LocalDateTime), 2025-10-28T00:00(LocalDateTime)
2025-10-28T19:14:40.830+09:00 DEBUG 47582 --- [StudyTracker] [http-nio-8080-exec-5] c.g.y.s.r.L.sumMinutesByPeriod           : <==      Total: 1
2025-10-28T19:14:40.831+09:00 DEBUG 47582 --- [StudyTracker] [http-nio-8080-exec-5] c.g.y.s.r.L.sumMinutesByPeriod           : ==>  Preparing: SELECT COALESCE(SUM(minutes), 0) FROM logs WHERE user_id = ? AND start_at <= ? AND end_at >= ?
2025-10-28T19:14:40.833+09:00 DEBUG 47582 --- [StudyTracker] [http-nio-8080-exec-5] c.g.y.s.r.L.sumMinutesByPeriod           : ==> Parameters: 1(Long), 2025-11-03T00:00(LocalDateTime), 2025-10-27T00:00(LocalDateTime)
2025-10-28T19:14:40.833+09:00 DEBUG 47582 --- [StudyTracker] [http-nio-8080-exec-5] c.g.y.s.r.L.sumMinutesByPeriod           : <==      Total: 1
2025-10-28T19:14:40.834+09:00 DEBUG 47582 --- [StudyTracker] [http-nio-8080-exec-5] c.g.y.s.r.L.sumMinutesByPeriod           : ==>  Preparing: SELECT COALESCE(SUM(minutes), 0) FROM logs WHERE user_id = ? AND start_at <= ? AND end_at >= ?
2025-10-28T19:14:40.834+09:00 DEBUG 47582 --- [StudyTracker] [http-nio-8080-exec-5] c.g.y.s.r.L.sumMinutesByPeriod           : ==> Parameters: 1(Long), 2025-11-01T00:00(LocalDateTime), 2025-10-01T00:00(LocalDateTime)
2025-10-28T19:14:40.835+09:00 DEBUG 47582 --- [StudyTracker] [http-nio-8080-exec-5] c.g.y.s.r.L.sumMinutesByPeriod           : <==      Total: 1
2025-10-28T19:14:40.837+09:00 DEBUG 47582 --- [StudyTracker] [http-nio-8080-exec-5] c.g.y.s.r.LogRepository.sumBySubject     : ==>  Preparing: SELECT s.id AS subjectId, s.name AS subjectName, COALESCE(SUM(l.minutes), 0) AS totalMinutes, s.color_code AS colorCode FROM subjects s LEFT JOIN logs l ON l.user_id = ? AND l.subject_id = s.id AND l.start_at <= ? AND l.end_at >= ? WHERE s.user_id = ? AND s.archived = false GROUP BY s.id, s.name, s.color_code ORDER BY totalMinutes DESC
2025-10-28T19:14:40.838+09:00 DEBUG 47582 --- [StudyTracker] [http-nio-8080-exec-5] c.g.y.s.r.LogRepository.sumBySubject     : ==> Parameters: 1(Long), 2025-10-29T00:00(LocalDateTime), 2025-10-28T00:00(LocalDateTime), 1(Long)
2025-10-28T19:14:40.840+09:00 DEBUG 47582 --- [StudyTracker] [http-nio-8080-exec-5] c.g.y.s.r.LogRepository.sumBySubject     : <==      Total: 2
2025-10-28T19:14:40.840+09:00 DEBUG 47582 --- [StudyTracker] [http-nio-8080-exec-5] c.g.y.s.r.LogRepository.sumBySubject     : ==>  Preparing: SELECT s.id AS subjectId, s.name AS subjectName, COALESCE(SUM(l.minutes), 0) AS totalMinutes, s.color_code AS colorCode FROM subjects s LEFT JOIN logs l ON l.user_id = ? AND l.subject_id = s.id AND l.start_at <= ? AND l.end_at >= ? WHERE s.user_id = ? AND s.archived = false GROUP BY s.id, s.name, s.color_code ORDER BY totalMinutes DESC
2025-10-28T19:14:40.840+09:00 DEBUG 47582 --- [StudyTracker] [http-nio-8080-exec-5] c.g.y.s.r.LogRepository.sumBySubject     : ==> Parameters: 1(Long), 2025-11-03T00:00(LocalDateTime), 2025-10-27T00:00(LocalDateTime), 1(Long)
2025-10-28T19:14:40.841+09:00 DEBUG 47582 --- [StudyTracker] [http-nio-8080-exec-5] c.g.y.s.r.LogRepository.sumBySubject     : <==      Total: 2
2025-10-28T19:14:40.842+09:00 DEBUG 47582 --- [StudyTracker] [http-nio-8080-exec-5] c.g.y.s.r.LogRepository.sumBySubject     : ==>  Preparing: SELECT s.id AS subjectId, s.name AS subjectName, COALESCE(SUM(l.minutes), 0) AS totalMinutes, s.color_code AS colorCode FROM subjects s LEFT JOIN logs l ON l.user_id = ? AND l.subject_id = s.id AND l.start_at <= ? AND l.end_at >= ? WHERE s.user_id = ? AND s.archived = false GROUP BY s.id, s.name, s.color_code ORDER BY totalMinutes DESC
2025-10-28T19:14:40.843+09:00 DEBUG 47582 --- [StudyTracker] [http-nio-8080-exec-5] c.g.y.s.r.LogRepository.sumBySubject     : ==> Parameters: 1(Long), 2025-11-01T00:00(LocalDateTime), 2025-10-01T00:00(LocalDateTime), 1(Long)
2025-10-28T19:14:40.844+09:00 DEBUG 47582 --- [StudyTracker] [http-nio-8080-exec-5] c.g.y.s.r.LogRepository.sumBySubject     : <==      Total: 2
2025-10-28T19:14:43.028+09:00 DEBUG 47582 --- [StudyTracker] [http-nio-8080-exec-3] c.g.y.s.r.L.sumMinutesByPeriod           : ==>  Preparing: SELECT COALESCE(SUM(minutes), 0) FROM logs WHERE user_id = ? AND start_at <= ? AND end_at >= ?
2025-10-28T19:14:43.030+09:00 DEBUG 47582 --- [StudyTracker] [http-nio-8080-exec-3] c.g.y.s.r.L.sumMinutesByPeriod           : ==> Parameters: 1(Long), 2025-10-29T00:00(LocalDateTime), 2025-10-28T00:00(LocalDateTime)
2025-10-28T19:14:43.032+09:00 DEBUG 47582 --- [StudyTracker] [http-nio-8080-exec-3] c.g.y.s.r.L.sumMinutesByPeriod           : <==      Total: 1
2025-10-28T19:14:43.032+09:00 DEBUG 47582 --- [StudyTracker] [http-nio-8080-exec-3] c.g.y.s.r.L.sumMinutesByPeriod           : ==>  Preparing: SELECT COALESCE(SUM(minutes), 0) FROM logs WHERE user_id = ? AND start_at <= ? AND end_at >= ?
2025-10-28T19:14:43.032+09:00 DEBUG 47582 --- [StudyTracker] [http-nio-8080-exec-3] c.g.y.s.r.L.sumMinutesByPeriod           : ==> Parameters: 1(Long), 2025-11-03T00:00(LocalDateTime), 2025-10-27T00:00(LocalDateTime)
2025-10-28T19:14:43.033+09:00 DEBUG 47582 --- [StudyTracker] [http-nio-8080-exec-3] c.g.y.s.r.L.sumMinutesByPeriod           : <==      Total: 1
2025-10-28T19:14:43.033+09:00 DEBUG 47582 --- [StudyTracker] [http-nio-8080-exec-3] c.g.y.s.r.L.sumMinutesByPeriod           : ==>  Preparing: SELECT COALESCE(SUM(minutes), 0) FROM logs WHERE user_id = ? AND start_at <= ? AND end_at >= ?
2025-10-28T19:14:43.033+09:00 DEBUG 47582 --- [StudyTracker] [http-nio-8080-exec-3] c.g.y.s.r.L.sumMinutesByPeriod           : ==> Parameters: 1(Long), 2025-11-01T00:00(LocalDateTime), 2025-10-01T00:00(LocalDateTime)
2025-10-28T19:14:43.034+09:00 DEBUG 47582 --- [StudyTracker] [http-nio-8080-exec-3] c.g.y.s.r.L.sumMinutesByPeriod           : <==      Total: 1
2025-10-28T19:14:43.034+09:00 DEBUG 47582 --- [StudyTracker] [http-nio-8080-exec-3] c.g.y.s.r.LogRepository.sumBySubject     : ==>  Preparing: SELECT s.id AS subjectId, s.name AS subjectName, COALESCE(SUM(l.minutes), 0) AS totalMinutes, s.color_code AS colorCode FROM subjects s LEFT JOIN logs l ON l.user_id = ? AND l.subject_id = s.id AND l.start_at <= ? AND l.end_at >= ? WHERE s.user_id = ? AND s.archived = false GROUP BY s.id, s.name, s.color_code ORDER BY totalMinutes DESC
2025-10-28T19:14:43.034+09:00 DEBUG 47582 --- [StudyTracker] [http-nio-8080-exec-3] c.g.y.s.r.LogRepository.sumBySubject     : ==> Parameters: 1(Long), 2025-10-29T00:00(LocalDateTime), 2025-10-28T00:00(LocalDateTime), 1(Long)
2025-10-28T19:14:43.035+09:00 DEBUG 47582 --- [StudyTracker] [http-nio-8080-exec-3] c.g.y.s.r.LogRepository.sumBySubject     : <==      Total: 2
2025-10-28T19:14:43.036+09:00 DEBUG 47582 --- [StudyTracker] [http-nio-8080-exec-3] c.g.y.s.r.LogRepository.sumBySubject     : ==>  Preparing: SELECT s.id AS subjectId, s.name AS subjectName, COALESCE(SUM(l.minutes), 0) AS totalMinutes, s.color_code AS colorCode FROM subjects s LEFT JOIN logs l ON l.user_id = ? AND l.subject_id = s.id AND l.start_at <= ? AND l.end_at >= ? WHERE s.user_id = ? AND s.archived = false GROUP BY s.id, s.name, s.color_code ORDER BY totalMinutes DESC
2025-10-28T19:14:43.036+09:00 DEBUG 47582 --- [StudyTracker] [http-nio-8080-exec-3] c.g.y.s.r.LogRepository.sumBySubject     : ==> Parameters: 1(Long), 2025-11-03T00:00(LocalDateTime), 2025-10-27T00:00(LocalDateTime), 1(Long)
2025-10-28T19:14:43.037+09:00 DEBUG 47582 --- [StudyTracker] [http-nio-8080-exec-3] c.g.y.s.r.LogRepository.sumBySubject     : <==      Total: 2
2025-10-28T19:14:43.037+09:00 DEBUG 47582 --- [StudyTracker] [http-nio-8080-exec-3] c.g.y.s.r.LogRepository.sumBySubject     : ==>  Preparing: SELECT s.id AS subjectId, s.name AS subjectName, COALESCE(SUM(l.minutes), 0) AS totalMinutes, s.color_code AS colorCode FROM subjects s LEFT JOIN logs l ON l.user_id = ? AND l.subject_id = s.id AND l.start_at <= ? AND l.end_at >= ? WHERE s.user_id = ? AND s.archived = false GROUP BY s.id, s.name, s.color_code ORDER BY totalMinutes DESC
2025-10-28T19:14:43.037+09:00 DEBUG 47582 --- [StudyTracker] [http-nio-8080-exec-3] c.g.y.s.r.LogRepository.sumBySubject     : ==> Parameters: 1(Long), 2025-11-01T00:00(LocalDateTime), 2025-10-01T00:00(LocalDateTime), 1(Long)
2025-10-28T19:14:43.038+09:00 DEBUG 47582 --- [StudyTracker] [http-nio-8080-exec-3] c.g.y.s.r.LogRepository.sumBySubject     : <==      Total: 2
2025-10-28T19:15:27.972+09:00 DEBUG 47582 --- [StudyTracker] [http-nio-8080-exec-6] c.g.y.s.r.S.selectAllActive              : ==>  Preparing: SELECT * FROM subjects WHERE user_id = ? AND archived = FALSE ORDER BY updated_at DESC
2025-10-28T19:15:27.977+09:00 DEBUG 47582 --- [StudyTracker] [http-nio-8080-exec-6] c.g.y.s.r.S.selectAllActive              : ==> Parameters: 1(Long)
2025-10-28T19:15:27.981+09:00 DEBUG 47582 --- [StudyTracker] [http-nio-8080-exec-6] c.g.y.s.r.S.selectAllActive              : <==      Total: 2
